/translate/es/index - 4.6968460083008E-5
/translate/es/index - 6.6995620727539E-5
/translate/es/index - 5.6982040405273E-5
/translate/es/index - 4.5061111450195E-5
/translate/es/index - 5.6028366088867E-5
/translate/es/index - 5.3882598876953E-5
/translate/es/index - 0.0001060962677002
/translate/es/index - 6.6995620727539E-5
/translate/es/index - 5.793571472168E-5
/translate/es/index - 5.3882598876953E-5
/translate/es/index - 5.6982040405273E-5
/translate/es/index - 6.6041946411133E-5
/translate/es/index - 6.413459777832E-5
/translate/es/index - 5.3167343139648E-5
/translate/es/index - 5.1975250244141E-5
/translate/es/index - 4.9114227294922E-5
/translate/es/index - 6.2942504882812E-5
/translate/es/index - 7.2002410888672E-5
/translate/es/index - 5.2928924560547E-5
/translate/es/index - 5.6982040405273E-5
/translate/es/index - 5.5074691772461E-5
/translate/es/index - 4.8160552978516E-5
/translate/es/index - 6.5088272094727E-5
/on/render/index - 0.07231593132019
/view/adminlte/private/index - 0.075845956802368
/http/GET/ - 0.082564115524292
/translate/es/profile - 5.0067901611328E-5
/translate/es/profile - 7.0095062255859E-5
/translate/es/profile - 6.103515625E-5
/translate/es/profile - 6.103515625E-5
/translate/es/profile - 7.4148178100586E-5
/translate/es/profile - 6.2942504882812E-5
/translate/es/profile - 7.319450378418E-5
/translate/es/profile - 5.6028366088867E-5
/translate/es/profile - 6.5088272094727E-5
/translate/es/profile - 8.702278137207E-5
/translate/es/profile - 7.7009201049805E-5
/translate/es/profile - 7.5101852416992E-5
/translate/es/profile - 7.7962875366211E-5
/translate/es/profile - 9.2029571533203E-5
/translate/es/profile - 5.8889389038086E-5
/translate/es/profile - 7.2002410888672E-5
/translate/es/profile - 5.793571472168E-5
/translate/es/profile - 7.6055526733398E-5
/translate/es/profile - 8.1062316894531E-5
/translate/es/profile - 6.6995620727539E-5
/translate/es/profile - 8.3208084106445E-5
/translate/es/profile - 5.3882598876953E-5
/translate/es/profile - 7.7962875366211E-5
/translate/es/profile - 5.9843063354492E-5
/translate/es/profile - 8.1062316894531E-5
/translate/es/profile - 6.3180923461914E-5
/translate/es/profile - 6.3896179199219E-5
/translate/es/profile - 6.1988830566406E-5
/translate/es/profile - 7.2956085205078E-5
/translate/es/profile - 7.7009201049805E-5
/translate/es/profile - 5.793571472168E-5
/translate/es/profile - 8.392333984375E-5
/translate/es/profile - 5.4836273193359E-5
/translate/es/profile - 7.1048736572266E-5
/translate/es/profile - 8.2015991210938E-5
/translate/es/profile - 6.1988830566406E-5
/translate/es/profile - 5.6982040405273E-5
/translate/es/profile - 6.5088272094727E-5
/translate/es/profile - 6.103515625E-5
/translate/es/profile - 6.7949295043945E-5
/translate/es/profile - 6.5088272094727E-5
/translate/es/profile - 6.4849853515625E-5
/translate/es/profile - 6.4849853515625E-5
/translate/es/profile - 5.6028366088867E-5
/translate/es/profile - 7.1048736572266E-5
/translate/es/profile - 7.6055526733398E-5
/translate/es/profile - 8.702278137207E-5
/translate/es/profile - 5.6982040405273E-5
/translate/es/profile - 8.1062316894531E-5
/translate/es/profile - 8.1062316894531E-5
/translate/es/profile - 7.5101852416992E-5
/translate/es/profile - 5.6982040405273E-5
/translate/es/profile - 5.793571472168E-5
/translate/es/profile - 5.6982040405273E-5
/translate/es/profile - 6.6995620727539E-5
/translate/es/profile - 0.00021004676818848
/translate/es/profile - 6.103515625E-5
/translate/es/profile - 5.8174133300781E-5
/translate/es/profile - 5.9843063354492E-5
/translate/es/profile - 7.9154968261719E-5
/translate/es/profile - 5.5074691772461E-5
/translate/es/profile - 5.9127807617188E-5
/translate/es/profile - 6.2942504882812E-5
/translate/es/profile - 5.9843063354492E-5
/translate/es/profile - 6.5088272094727E-5
/translate/es/profile - 6.1988830566406E-5
/translate/es/profile - 5.4836273193359E-5
/translate/es/profile - 6.103515625E-5
/translate/es/profile - 5.793571472168E-5
/translate/es/profile - 6.2942504882812E-5
/translate/es/profile - 6.103515625E-5
/translate/es/profile - 6.7949295043945E-5
/translate/es/profile - 5.6028366088867E-5
/translate/es/profile - 5.793571472168E-5
/translate/es/profile - 5.8174133300781E-5
/translate/es/profile - 7.0095062255859E-5
/translate/es/profile - 7.7962875366211E-5
/translate/es/profile - 5.793571472168E-5
/translate/es/profile - 8.4877014160156E-5
/translate/es/profile - 6.4849853515625E-5
/translate/es/profile - 5.5074691772461E-5
/translate/es/profile - 5.8889389038086E-5
/translate/es/profile - 5.793571472168E-5
/translate/es/profile - 6.4849853515625E-5
/translate/es/profile - 8.2969665527344E-5
/translate/es/profile - 8.1062316894531E-5
/translate/es/profile - 7.3909759521484E-5
/translate/es/profile - 5.9127807617188E-5
/translate/es/profile - 5.8174133300781E-5
/translate/es/profile - 5.9843063354492E-5
/translate/es/profile - 5.6982040405273E-5
/on/render/profile - 0.30137705802917
/view/adminlte/private/profile - 0.30668687820435
/http/GET/profile - 0.31700396537781
/translate/es/index - 4.1007995605469E-5
/translate/es/index - 6.5803527832031E-5
/translate/es/index - 6.0081481933594E-5
/translate/es/index - 6.6995620727539E-5
/translate/es/index - 6.1988830566406E-5
/translate/es/index - 7.9870223999023E-5
/translate/es/index - 7.6055526733398E-5
/translate/es/index - 8.4877014160156E-5
/translate/es/index - 7.9870223999023E-5
/translate/es/index - 6.413459777832E-5
/translate/es/index - 6.1988830566406E-5
/translate/es/index - 6.413459777832E-5
/translate/es/index - 5.6028366088867E-5
/translate/es/index - 5.9127807617188E-5
/translate/es/index - 5.2213668823242E-5
/translate/es/index - 6.6995620727539E-5
/translate/es/index - 6.0081481933594E-5
/translate/es/index - 5.1021575927734E-5
/translate/es/index - 6.5803527832031E-5
/translate/es/index - 5.3882598876953E-5
/translate/es/index - 5.6028366088867E-5
/translate/es/index - 6.6995620727539E-5
/translate/es/index - 5.1021575927734E-5
/on/render/index - 0.078958988189697
/view/adminlte/private/index - 0.083404064178467
/http/GET/index - 0.089672088623047
/translate/es/index - 5.0783157348633E-5
/translate/es/index - 5.6982040405273E-5
/translate/es/index - 7.9154968261719E-5
/translate/es/index - 5.9127807617188E-5
/translate/es/index - 5.9843063354492E-5
/translate/es/index - 6.103515625E-5
/on/render/index - 0.023131132125854
/view/adminlte/public/index - 0.02699613571167
/http/GET/ - 0.032907009124756
/translate/es/login - 4.6014785766602E-5
/translate/es/login - 7.1048736572266E-5
/translate/es/login - 5.6028366088867E-5
/translate/es/login - 5.6982040405273E-5
/translate/es/login - 5.5074691772461E-5
/translate/es/login - 9.8943710327148E-5
/translate/es/login - 6.6995620727539E-5
/translate/es/login - 5.8174133300781E-5
/translate/es/login - 9.608268737793E-5
/translate/es/login - 5.8174133300781E-5
/translate/es/login - 7.2002410888672E-5
/on/render/login - 0.039140939712524
/view/adminlte/login/login - 0.042454957962036
/http/GET/login - 0.047430038452148
/bd/query/validateLogin - 0.0011658668518066
/translate/es/index - 4.1007995605469E-5
/translate/es/index - 7.4863433837891E-5
/translate/es/index - 6.6041946411133E-5
/translate/es/index - 5.4836273193359E-5
/translate/es/index - 6.4849853515625E-5
/translate/es/index - 5.8889389038086E-5
/translate/es/index - 6.1988830566406E-5
/translate/es/index - 6.1988830566406E-5
/translate/es/index - 5.793571472168E-5
/translate/es/index - 5.6982040405273E-5
/translate/es/index - 5.8174133300781E-5
/translate/es/index - 6.103515625E-5
/translate/es/index - 7.319450378418E-5
/translate/es/index - 8.9883804321289E-5
/translate/es/index - 7.2956085205078E-5
/translate/es/index - 6.6041946411133E-5
/translate/es/index - 6.2942504882812E-5
/translate/es/index - 7.6055526733398E-5
/translate/es/index - 6.7949295043945E-5
/translate/es/index - 6.9141387939453E-5
/translate/es/index - 6.6041946411133E-5
/translate/es/index - 7.6055526733398E-5
/translate/es/index - 5.5789947509766E-5
/on/render/index - 0.083894014358521
/view/adminlte/private/index - 0.087650060653687
/http/GET/ - 0.093990087509155
/translate/es/index - 5.0067901611328E-5
/translate/es/index - 7.1048736572266E-5
/translate/es/index - 7.1048736572266E-5
/translate/es/index - 6.5088272094727E-5
/translate/es/index - 8.6069107055664E-5
/translate/es/index - 7.7962875366211E-5
/translate/es/index - 7.0095062255859E-5
/translate/es/index - 6.7949295043945E-5
/translate/es/index - 8.702278137207E-5
/translate/es/index - 6.8902969360352E-5
/translate/es/index - 9.4890594482422E-5
/translate/es/index - 8.082389831543E-5
/translate/es/index - 9.7036361694336E-5
/translate/es/index - 8.6069107055664E-5
/translate/es/index - 8.702278137207E-5
/translate/es/index - 6.413459777832E-5
/translate/es/index - 6.9856643676758E-5
/translate/es/index - 6.1988830566406E-5
/translate/es/index - 6.1988830566406E-5
/translate/es/index - 0.00017499923706055
/translate/es/index - 6.9141387939453E-5
/translate/es/index - 8.7976455688477E-5
/translate/es/index - 6.3896179199219E-5
/on/render/index - 0.11085605621338
/view/adminlte/private/index - 0.11643719673157
/http/GET/ - 0.12375402450562
/translate/es/profile - 5.6028366088867E-5
/translate/es/profile - 0.00010490417480469
/translate/es/profile - 7.3909759521484E-5
/translate/es/profile - 9.1075897216797E-5
/translate/es/profile - 7.2956085205078E-5
/translate/es/profile - 7.1048736572266E-5
/translate/es/profile - 7.8916549682617E-5
/translate/es/profile - 0.00010108947753906
/translate/es/profile - 7.2956085205078E-5
/translate/es/profile - 7.3909759521484E-5
/translate/es/profile - 0.00015711784362793
/translate/es/profile - 7.319450378418E-5
/translate/es/profile - 7.5101852416992E-5
/translate/es/profile - 0.00010299682617188
/translate/es/profile - 6.6041946411133E-5
/translate/es/profile - 9.1075897216797E-5
/translate/es/profile - 0.00010395050048828
/translate/es/profile - 9.7036361694336E-5
/translate/es/profile - 9.2029571533203E-5
/translate/es/profile - 9.9897384643555E-5
/translate/es/profile - 7.6055526733398E-5
/translate/es/profile - 9.608268737793E-5
/translate/es/profile - 9.5129013061523E-5
/translate/es/profile - 9.2983245849609E-5
/translate/es/profile - 0.00010395050048828
/translate/es/profile - 7.3909759521484E-5
/translate/es/profile - 0.00010204315185547
/translate/es/profile - 9.6797943115234E-5
/translate/es/profile - 7.5101852416992E-5
/translate/es/profile - 8.2015991210938E-5
/translate/es/profile - 0.00010204315185547
/translate/es/profile - 7.3909759521484E-5
/translate/es/profile - 7.4148178100586E-5
/translate/es/profile - 8.6069107055664E-5
/translate/es/profile - 0.0001068115234375
/translate/es/profile - 0.00010514259338379
/translate/es/profile - 7.5101852416992E-5
/translate/es/profile - 0.00010180473327637
/translate/es/profile - 7.2956085205078E-5
/translate/es/profile - 7.2956085205078E-5
/translate/es/profile - 9.3936920166016E-5
/translate/es/profile - 0.00010418891906738
/translate/es/profile - 9.608268737793E-5
/translate/es/profile - 0.00020408630371094
/translate/es/profile - 0.00010299682617188
/translate/es/profile - 7.3909759521484E-5
/translate/es/profile - 7.4148178100586E-5
/translate/es/profile - 0.00010490417480469
/translate/es/profile - 7.3909759521484E-5
/translate/es/profile - 7.3909759521484E-5
/translate/es/profile - 8.6069107055664E-5
/translate/es/profile - 8.5830688476562E-5
/translate/es/profile - 9.7036361694336E-5
/translate/es/profile - 7.5101852416992E-5
/translate/es/profile - 0.00010204315185547
/translate/es/profile - 7.2002410888672E-5
/translate/es/profile - 7.2002410888672E-5
/translate/es/profile - 9.7990036010742E-5
/translate/es/profile - 0.00010108947753906
/translate/es/profile - 9.608268737793E-5
/translate/es/profile - 8.6069107055664E-5
/translate/es/profile - 7.0095062255859E-5
/translate/es/profile - 9.7990036010742E-5
/translate/es/profile - 9.5129013061523E-5
/translate/es/profile - 9.7036361694336E-5
/translate/es/profile - 0.00010991096496582
/translate/es/profile - 7.5101852416992E-5
/translate/es/profile - 8.2969665527344E-5
/translate/es/profile - 0.00010418891906738
/translate/es/profile - 8.0108642578125E-5
/translate/es/profile - 7.2956085205078E-5
/translate/es/profile - 7.2956085205078E-5
/translate/es/profile - 7.2956085205078E-5
/translate/es/profile - 7.2956085205078E-5
/translate/es/profile - 0.00010395050048828
/translate/es/profile - 0.00010204315185547
/translate/es/profile - 7.1048736572266E-5
/translate/es/profile - 7.2956085205078E-5
/translate/es/profile - 7.2002410888672E-5
/translate/es/profile - 9.918212890625E-5
/translate/es/profile - 7.2002410888672E-5
/translate/es/profile - 0.00010490417480469
/translate/es/profile - 7.5101852416992E-5
/translate/es/profile - 7.9870223999023E-5
/translate/es/profile - 8.2969665527344E-5
/translate/es/profile - 6.9856643676758E-5
/translate/es/profile - 6.0796737670898E-5
/translate/es/profile - 6.1988830566406E-5
/translate/es/profile - 6.3180923461914E-5
/translate/es/profile - 6.6041946411133E-5
/translate/es/profile - 7.3909759521484E-5
/on/render/profile - 0.41761302947998
/view/adminlte/private/profile - 0.4222469329834
/http/GET/profile - 0.43230295181274
/on/render/profile - 0.00020098686218262
/view/adminlte/private/profile - 0.0051200389862061
/http/GET/profile - 0.017551898956299
/on/render/profile - 0.00036907196044922
/view/adminlte/private/profile - 0.0059099197387695
/http/GET/profile - 0.016381978988647
/on/render/index - 0.0001368522644043
/view/adminlte/private/index - 0.004317045211792
/http/GET/index - 0.01078200340271
/on/render/index - 0.0001528263092041
/view/adminlte/public/index - 0.0039939880371094
/http/GET/ - 0.0095460414886475
/on/render/login - 0.0001521110534668
/view/adminlte/login/login - 0.0041458606719971
/http/GET/login - 0.0095150470733643
/bd/query/validateLogin - 0.0013270378112793
/on/render/index - 0.00014519691467285
/view/adminlte/private/index - 0.0047299861907959
/http/GET/ - 0.011044979095459
/on/render/profile - 0.00020408630371094
/view/adminlte/private/profile - 0.0053150653839111
/http/GET/profile - 0.017760992050171
/on/render/profile - 0.0002291202545166
/view/adminlte/private/profile - 0.005702018737793
/http/GET/profile - 0.01782488822937
/on/render/profile - 0.00036096572875977
/view/adminlte/private/profile - 0.0071229934692383
/http/GET/profile - 0.027356863021851
/on/render/profile - 0.00019717216491699
/view/adminlte/private/profile - 0.0047669410705566
/http/GET/profile - 0.015903949737549
/on/render/profile - 0.0001981258392334
/view/adminlte/private/profile - 0.0048360824584961
/http/GET/profile - 0.016712188720703
/on/render/profile - 0.00037980079650879
/view/adminlte/private/profile - 0.0058028697967529
/http/GET/profile - 0.017263889312744
/on/render/profile - 0.0002288818359375
/view/adminlte/private/profile - 0.0053880214691162
/http/GET/profile - 0.018848896026611
/on/render/profile - 0.0002439022064209
/view/adminlte/private/profile - 0.0084571838378906
/http/GET/profile - 0.020100831985474
/on/render/index - 0.00021100044250488
/view/adminlte/private/index - 0.0042018890380859
/http/GET/index - 0.011449098587036
/on/render/index - 0.0001380443572998
/view/adminlte/private/index - 0.004080057144165
/http/GET/index - 0.011305093765259
/on/render/index - 0.00021600723266602
/view/adminlte/private/index - 0.0047798156738281
/http/GET/index - 0.011069059371948
/on/render/index - 0.00015115737915039
/view/adminlte/private/index - 0.0042581558227539
/http/GET/index - 0.012098073959351
/on/render/index - 0.00014495849609375
/view/adminlte/private/index - 0.004249095916748
/http/GET/index - 0.010421991348267
/on/render/index - 0.00014996528625488
/view/adminlte/private/index - 0.0043809413909912
/http/GET/index - 0.010489940643311
/on/render/index - 0.0001370906829834
/view/adminlte/private/index - 0.0042068958282471
/http/GET/index - 0.010426044464111
/on/render/index - 0.00019693374633789
/view/adminlte/private/index - 0.0042190551757812
/http/GET/index - 0.010535001754761
/on/render/index - 0.0001378059387207
/view/adminlte/private/index - 0.0040991306304932
/http/GET/index - 0.010516881942749
/on/render/index - 0.0001368522644043
/view/adminlte/private/index - 0.0045309066772461
/http/GET/index - 0.01088809967041
/on/render/index - 0.00020813941955566
/view/adminlte/public/index - 0.0041971206665039
/http/GET/ - 0.0092270374298096
/on/render/login - 0.00015592575073242
/view/adminlte/login/login - 0.0040960311889648
/http/GET/login - 0.0092771053314209
/on/render/index - 0.00014400482177734
/view/adminlte/public/index - 0.0039939880371094
/http/GET/ - 0.0090501308441162
/on/render/login - 0.00017809867858887
/view/adminlte/login/login - 0.0039467811584473
/http/GET/login - 0.0091140270233154
/on/render/login - 0.00014591217041016
/view/adminlte/login/login - 0.0042390823364258
/http/GET/login - 0.009922981262207
/on/render/login - 0.00014615058898926
/view/adminlte/login/login - 0.0040130615234375
/http/GET/login - 0.0107581615448
/on/render/login - 0.00015997886657715
/view/adminlte/login/login - 0.0041589736938477
/http/GET/login - 0.0095338821411133
/on/render/login - 0.00013899803161621
/view/adminlte/login/login - 0.0044610500335693
/http/GET/login - 0.0098991394042969
/on/render/login - 0.00014996528625488
/view/adminlte/login/login - 0.0043811798095703
/http/GET/login - 0.010541915893555
/on/render/login - 0.00026106834411621
/view/adminlte/login/login - 0.0054221153259277
/http/GET/login - 0.012259006500244
/on/render/login - 0.00014305114746094
/view/adminlte/login/login - 0.0039358139038086
/http/GET/login - 0.0090038776397705
/on/render/login - 0.00014901161193848
/view/adminlte/login/login - 0.0041790008544922
/http/GET/login - 0.0097460746765137
/on/render/login - 0.0001518726348877
/view/adminlte/login/login - 0.0040280818939209
/http/GET/login - 0.010646104812622
/on/render/login - 0.00014495849609375
/view/adminlte/login/login - 0.0043880939483643
/http/GET/login - 0.0097451210021973
/on/render/login - 0.00025796890258789
/view/adminlte/login/login - 0.0063018798828125
/http/GET/login - 0.34295606613159
/bd/query/validateLogin - 0.0037238597869873
/on/render/index - 0.00025391578674316
/view/adminlte/private/index - 0.0075898170471191
/http/GET/ - 0.31845307350159
/on/render/profile - 0.00033688545227051
/view/adminlte/private/profile - 0.010064840316772
/http/GET/profile - 0.32830309867859
/on/render/profile - 0.00046896934509277
/view/adminlte/private/profile - 0.010362863540649
/http/GET/profile - 0.35295104980469
/on/render/index - 0.00034594535827637
/view/adminlte/public/index - 0.010672092437744
/http/GET/ - 0.030117034912109
/on/render/login - 0.00047802925109863
/view/adminlte/login/login - 0.01322603225708
/http/GET/login - 0.031715869903564
/bd/query/validateLogin - 0.0039410591125488
/on/render/index - 0.00025582313537598
/view/adminlte/private/index - 0.011128902435303
/http/GET/ - 0.023298025131226
/on/render/profile - 0.00038290023803711
/view/adminlte/private/profile - 0.011271953582764
/http/GET/profile - 0.029680013656616
/on/render/profile - 0.00087904930114746
/view/adminlte/private/profile - 0.015172958374023
/http/GET/profile - 0.03910493850708
/on/render/profile - 0.0003669261932373
/view/adminlte/private/profile - 0.011332035064697
/http/GET/profile - 0.038548946380615
/on/render/profile - 0.00032210350036621
/view/adminlte/private/profile - 0.012842178344727
/http/GET/profile - 0.050734996795654
/on/render/index - 0.00025820732116699
/view/adminlte/public/index - 0.0064899921417236
/http/GET/ - 0.020617008209229
/on/render/login - 0.00024604797363281
/view/adminlte/login/login - 0.0062599182128906
/http/GET/login - 0.021526098251343
/bd/query/validateLogin - 0.0031890869140625
/on/render/index - 0.00024986267089844
/view/adminlte/private/index - 0.0068950653076172
/http/GET/ - 0.019859075546265
/on/render/profile - 0.00031805038452148
/view/adminlte/private/profile - 0.010705947875977
/http/GET/profile - 0.025582790374756
/on/render/index - 0.00024890899658203
/view/adminlte/private/index - 0.0069329738616943
/http/GET/index - 0.022029876708984
/on/render/profile - 0.00033712387084961
/view/adminlte/private/profile - 0.0096588134765625
/http/GET/profile - 0.027161836624146
/on/render/index - 0.00030708312988281
/view/adminlte/private/index - 0.0080950260162354
/http/GET/index - 0.023568868637085
/on/render/profile - 0.00033187866210938
/view/adminlte/private/profile - 0.010478019714355
/http/GET/profile - 0.028789043426514
/on/render/profile - 0.00062179565429688
/view/adminlte/private/profile - 0.015905857086182
/http/GET/profile - 0.039926052093506
/on/render/profile - 0.00041890144348145
/view/adminlte/private/profile - 0.017489194869995
/http/GET/profile - 0.046589851379395
/on/render/profile - 0.00031805038452148
/view/adminlte/private/profile - 0.01152491569519
/http/GET/profile - 0.036480903625488
/translate/es/profile - 0.00030899047851562
/translate/es/profile - 0.00025296211242676
/translate/es/profile - 0.00027704238891602
/translate/es/profile - 0.00028300285339355
/translate/es/profile - 0.0002291202545166
/translate/es/profile - 0.00024795532226562
/translate/es/profile - 0.00030207633972168
/translate/es/profile - 0.00024604797363281
/translate/es/profile - 0.00021100044250488
/translate/es/profile - 0.00025701522827148
/translate/es/profile - 0.0001990795135498
/translate/es/profile - 0.00024080276489258
/translate/es/profile - 0.00020408630371094
/translate/es/profile - 0.00020599365234375
/translate/es/profile - 0.00024700164794922
/translate/es/profile - 0.00022006034851074
/translate/es/profile - 0.00023198127746582
/translate/es/profile - 0.00019383430480957
/translate/es/profile - 0.00029802322387695
/translate/es/profile - 0.00024986267089844
/translate/es/profile - 0.00021195411682129
/translate/es/profile - 0.00023388862609863
/translate/es/profile - 0.00027894973754883
/translate/es/profile - 0.00019192695617676
/translate/es/profile - 0.00024294853210449
/translate/es/profile - 0.00024199485778809
/translate/es/profile - 0.00020289421081543
/translate/es/profile - 0.00023698806762695
/translate/es/profile - 0.00024890899658203
/translate/es/profile - 0.00024008750915527
/translate/es/profile - 0.00026798248291016
/translate/es/profile - 0.00024294853210449
/translate/es/profile - 0.00024199485778809
/translate/es/profile - 0.00025010108947754
/translate/es/profile - 0.00029206275939941
/translate/es/profile - 0.00026392936706543
/translate/es/profile - 0.00020408630371094
/translate/es/profile - 0.00027680397033691
/translate/es/profile - 0.00021100044250488
/translate/es/profile - 0.00024700164794922
/translate/es/profile - 0.00028395652770996
/translate/es/profile - 0.0002138614654541
/translate/es/profile - 0.00041389465332031
/translate/es/profile - 0.00025296211242676
/translate/es/profile - 0.00020480155944824
/translate/es/profile - 0.00021100044250488
/translate/es/profile - 0.00023913383483887
/translate/es/profile - 0.00022101402282715
/translate/es/profile - 0.00021100044250488
/translate/es/profile - 0.00019192695617676
/translate/es/profile - 0.00037693977355957
/translate/es/profile - 0.00024318695068359
/translate/es/profile - 0.0001988410949707
/translate/es/profile - 0.00025296211242676
/translate/es/profile - 0.00022602081298828
/translate/es/profile - 0.00018906593322754
/translate/es/profile - 0.00019502639770508
/translate/es/profile - 0.00021004676818848
/translate/es/profile - 0.00022602081298828
/translate/es/profile - 0.00021195411682129
/translate/es/profile - 0.00024104118347168
/translate/es/profile - 0.00021505355834961
/translate/es/profile - 0.00019288063049316
/translate/es/profile - 0.00022792816162109
/translate/es/profile - 0.00019001960754395
/translate/es/profile - 0.00019097328186035
/translate/es/profile - 0.00020503997802734
/translate/es/profile - 0.00024104118347168
/translate/es/profile - 0.00021982192993164
/translate/es/profile - 0.00020384788513184
/translate/es/profile - 0.00021100044250488
/translate/es/profile - 0.00027894973754883
/translate/es/profile - 0.00021100044250488
/translate/es/profile - 0.00023984909057617
/translate/es/profile - 0.00019216537475586
/translate/es/profile - 0.00022006034851074
/translate/es/profile - 0.00022602081298828
/translate/es/profile - 0.00025701522827148
/translate/es/profile - 0.00021004676818848
/translate/es/profile - 0.00019097328186035
/translate/es/profile - 0.00023698806762695
/translate/es/profile - 0.00020790100097656
/translate/es/profile - 0.00020813941955566
/translate/es/profile - 0.00019001960754395
/translate/es/profile - 0.00024700164794922
/translate/es/profile - 0.00020503997802734
/translate/es/profile - 0.00024986267089844
/translate/es/profile - 0.00022006034851074
/translate/es/profile - 0.00019216537475586
/translate/es/profile - 0.00020599365234375
/translate/es/profile - 0.00020885467529297
/on/render/profile - 0.3227961063385
/view/adminlte/private/profile - 0.33297085762024
/http/GET/profile - 0.35528206825256
/translate/es/profile - 0.00015902519226074
/translate/es/profile - 0.00023889541625977
/translate/es/profile - 0.00030803680419922
/translate/es/profile - 0.00030422210693359
/translate/es/profile - 0.00034308433532715
/translate/es/profile - 0.00031495094299316
/translate/es/profile - 0.00033092498779297
/translate/es/profile - 0.00032305717468262
/translate/es/profile - 0.00019693374633789
/translate/es/profile - 0.00020694732666016
/translate/es/profile - 0.0002598762512207
/translate/es/profile - 0.00020408630371094
/translate/es/profile - 0.00019001960754395
/translate/es/profile - 0.0001990795135498
/translate/es/profile - 0.00020098686218262
/translate/es/profile - 0.00022101402282715
/translate/es/profile - 0.00019001960754395
/translate/es/profile - 0.00017714500427246
/translate/es/profile - 0.00017905235290527
/translate/es/profile - 0.00019598007202148
/translate/es/profile - 0.00021004676818848
/translate/es/profile - 0.00018095970153809
/translate/es/profile - 0.00017809867858887
/translate/es/profile - 0.00017786026000977
/translate/es/profile - 0.00018215179443359
/translate/es/profile - 0.00020599365234375
/translate/es/profile - 0.00018501281738281
/translate/es/profile - 0.00023007392883301
/translate/es/profile - 0.0001838207244873
/translate/es/profile - 0.00019216537475586
/translate/es/profile - 0.0003809928894043
/translate/es/profile - 0.00020480155944824
/translate/es/profile - 0.00018692016601562
/translate/es/profile - 0.00018215179443359
/translate/es/profile - 0.00018000602722168
/translate/es/profile - 0.00024008750915527
/translate/es/profile - 0.00020098686218262
/translate/es/profile - 0.00018692016601562
/translate/es/profile - 0.00022292137145996
/translate/es/profile - 0.00026202201843262
/translate/es/profile - 0.00019097328186035
/translate/es/profile - 0.00018596649169922
/translate/es/profile - 0.00019001960754395
/translate/es/profile - 0.00018191337585449
/translate/es/profile - 0.0002589225769043
/translate/es/profile - 0.00019407272338867
/translate/es/profile - 0.00019001960754395
/translate/es/profile - 0.00021004676818848
/translate/es/profile - 0.00025105476379395
/translate/es/profile - 0.00020503997802734
/translate/es/profile - 0.00018787384033203
/translate/es/profile - 0.00033187866210938
/translate/es/profile - 0.00029087066650391
/translate/es/profile - 0.00022411346435547
/translate/es/profile - 0.00029301643371582
/translate/es/profile - 0.00021815299987793
/translate/es/profile - 0.00036001205444336
/translate/es/profile - 0.00019693374633789
/translate/es/profile - 0.00020194053649902
/translate/es/profile - 0.00018906593322754
/translate/es/profile - 0.00018596649169922
/translate/es/profile - 0.00019598007202148
/translate/es/profile - 0.00020599365234375
/translate/es/profile - 0.00027990341186523
/translate/es/profile - 0.00020503997802734
/translate/es/profile - 0.00018787384033203
/translate/es/profile - 0.00018978118896484
/translate/es/profile - 0.00018692016601562
/translate/es/profile - 0.00021100044250488
/translate/es/profile - 0.00018191337585449
/translate/es/profile - 0.00018310546875
/translate/es/profile - 0.00018000602722168
/translate/es/profile - 0.00023412704467773
/translate/es/profile - 0.00029397010803223
/translate/es/profile - 0.00021791458129883
/translate/es/profile - 0.00019717216491699
/translate/es/profile - 0.00019598007202148
/translate/es/profile - 0.00020885467529297
/translate/es/profile - 0.00020003318786621
/translate/es/profile - 0.00018811225891113
/translate/es/profile - 0.00018501281738281
/translate/es/profile - 0.00018095970153809
/translate/es/profile - 0.00018906593322754
/translate/es/profile - 0.00026202201843262
/translate/es/profile - 0.00020599365234375
/translate/es/profile - 0.00018191337585449
/translate/es/profile - 0.00018501281738281
/translate/es/profile - 0.00018596649169922
/translate/es/profile - 0.00020217895507812
/translate/es/profile - 0.00019097328186035
/translate/es/profile - 0.00018715858459473
/on/render/profile - 0.31568193435669
/view/adminlte/private/profile - 0.3256950378418
/http/GET/profile - 0.34174180030823
/translate/es/index - 0.00019407272338867
/translate/es/index - 0.00029110908508301
/translate/es/index - 0.0003211498260498
/translate/es/index - 0.00030183792114258
/translate/es/index - 0.00025796890258789
/translate/es/index - 0.00019097328186035
/translate/es/index - 0.00021505355834961
/translate/es/index - 0.00019001960754395
/translate/es/index - 0.00020790100097656
/translate/es/index - 0.00022315979003906
/translate/es/index - 0.0001990795135498
/translate/es/index - 0.00023984909057617
/translate/es/index - 0.00032401084899902
/translate/es/index - 0.00032210350036621
/translate/es/index - 0.00023293495178223
/translate/es/index - 0.00022697448730469
/translate/es/index - 0.00031304359436035
/translate/es/index - 0.00024509429931641
/translate/es/index - 0.00019478797912598
/translate/es/index - 0.00022482872009277
/translate/es/index - 0.00033020973205566
/translate/es/index - 0.00024199485778809
/translate/es/index - 0.00023388862609863
/on/render/index - 0.085108041763306
/view/adminlte/private/index - 0.091889142990112
/http/GET/index - 0.10621809959412
/translate/es/profile - 0.0001990795135498
/translate/es/profile - 0.00032186508178711
/translate/es/profile - 0.00035905838012695
/translate/es/profile - 0.0002601146697998
/translate/es/profile - 0.00024294853210449
/translate/es/profile - 0.00024294853210449
/translate/es/profile - 0.00020408630371094
/translate/es/profile - 0.00022101402282715
/translate/es/profile - 0.0002448558807373
/translate/es/profile - 0.00023198127746582
/translate/es/profile - 0.00023102760314941
/translate/es/profile - 0.00023198127746582
/translate/es/profile - 0.00028204917907715
/translate/es/profile - 0.0002601146697998
/translate/es/profile - 0.00020599365234375
/translate/es/profile - 0.00023198127746582
/translate/es/profile - 0.00024104118347168
/translate/es/profile - 0.00019407272338867
/translate/es/profile - 0.00028014183044434
/translate/es/profile - 0.00019216537475586
/translate/es/profile - 0.00025010108947754
/translate/es/profile - 0.0002901554107666
/translate/es/profile - 0.00023412704467773
/translate/es/profile - 0.00018596649169922
/translate/es/profile - 0.00022387504577637
/translate/es/profile - 0.00022506713867188
/translate/es/profile - 0.00023412704467773
/translate/es/profile - 0.00024104118347168
/translate/es/profile - 0.00028586387634277
/translate/es/profile - 0.00025391578674316
/translate/es/profile - 0.00020194053649902
/translate/es/profile - 0.00026798248291016
/translate/es/profile - 0.00024294853210449
/translate/es/profile - 0.00020599365234375
/translate/es/profile - 0.00021791458129883
/translate/es/profile - 0.00020885467529297
/translate/es/profile - 0.00022602081298828
/translate/es/profile - 0.00026988983154297
/translate/es/profile - 0.00023317337036133
/translate/es/profile - 0.00026082992553711
/translate/es/profile - 0.00029492378234863
/translate/es/profile - 0.00025606155395508
/translate/es/profile - 0.00021004676818848
/translate/es/profile - 0.00020503997802734
/translate/es/profile - 0.00020599365234375
/translate/es/profile - 0.00025296211242676
/translate/es/profile - 0.00023102760314941
/translate/es/profile - 0.00020098686218262
/translate/es/profile - 0.00021004676818848
/translate/es/profile - 0.00019383430480957
/translate/es/profile - 0.00022006034851074
/translate/es/profile - 0.00023293495178223
/translate/es/profile - 0.00024580955505371
/translate/es/profile - 0.0002138614654541
/translate/es/profile - 0.00020980834960938
/translate/es/profile - 0.00020503997802734
/translate/es/profile - 0.00020313262939453
/translate/es/profile - 0.00020694732666016
/translate/es/profile - 0.00019598007202148
/translate/es/profile - 0.00023102760314941
/translate/es/profile - 0.00029182434082031
/translate/es/profile - 0.0001988410949707
/translate/es/profile - 0.00024318695068359
/translate/es/profile - 0.00022792816162109
/translate/es/profile - 0.00022602081298828
/translate/es/profile - 0.0002138614654541
/translate/es/profile - 0.00020313262939453
/translate/es/profile - 0.00020503997802734
/translate/es/profile - 0.00019001960754395
/translate/es/profile - 0.00019502639770508
/translate/es/profile - 0.00025200843811035
/translate/es/profile - 0.00019502639770508
/translate/es/profile - 0.00027108192443848
/translate/es/profile - 0.00025796890258789
/translate/es/profile - 0.00023484230041504
/translate/es/profile - 0.0002131462097168
/translate/es/profile - 0.00021696090698242
/translate/es/profile - 0.00020813941955566
/translate/es/profile - 0.00020217895507812
/translate/es/profile - 0.00019717216491699
/translate/es/profile - 0.00019598007202148
/translate/es/profile - 0.0002901554107666
/translate/es/profile - 0.00025701522827148
/translate/es/profile - 0.00019598007202148
/translate/es/profile - 0.00025081634521484
/translate/es/profile - 0.00023603439331055
/translate/es/profile - 0.00028800964355469
/translate/es/profile - 0.00020217895507812
/translate/es/profile - 0.00019693374633789
/translate/es/profile - 0.00026297569274902
/translate/es/profile - 0.0002129077911377
/on/render/profile - 0.32048392295837
/view/adminlte/private/profile - 0.33079099655151
/http/GET/profile - 0.34688186645508
/translate/es/profile - 0.00015902519226074
/translate/es/profile - 0.00031781196594238
/translate/es/profile - 0.00024199485778809
/translate/es/profile - 0.00019216537475586
/translate/es/profile - 0.00025796890258789
/translate/es/profile - 0.00030088424682617
/translate/es/profile - 0.00024080276489258
/translate/es/profile - 0.00019502639770508
/translate/es/profile - 0.00024604797363281
/translate/es/profile - 0.00023603439331055
/translate/es/profile - 0.0002281665802002
/translate/es/profile - 0.00019502639770508
/translate/es/profile - 0.00019311904907227
/translate/es/profile - 0.00020384788513184
/translate/es/profile - 0.00024604797363281
/translate/es/profile - 0.00021910667419434
/translate/es/profile - 0.00020980834960938
/translate/es/profile - 0.00023388862609863
/translate/es/profile - 0.00020098686218262
/translate/es/profile - 0.00029301643371582
/translate/es/profile - 0.00024700164794922
/translate/es/profile - 0.00019598007202148
/translate/es/profile - 0.00022101402282715
/translate/es/profile - 0.00018978118896484
/translate/es/profile - 0.00021195411682129
/translate/es/profile - 0.00021195411682129
/translate/es/profile - 0.00024008750915527
/translate/es/profile - 0.00032901763916016
/translate/es/profile - 0.00024986267089844
/translate/es/profile - 0.00024104118347168
/translate/es/profile - 0.00026202201843262
/translate/es/profile - 0.00020599365234375
/translate/es/profile - 0.00025415420532227
/translate/es/profile - 0.00031304359436035
/translate/es/profile - 0.00035619735717773
/translate/es/profile - 0.00023889541625977
/translate/es/profile - 0.00021100044250488
/translate/es/profile - 0.0003349781036377
/translate/es/profile - 0.00027203559875488
/translate/es/profile - 0.00020408630371094
/translate/es/profile - 0.00027108192443848
/translate/es/profile - 0.00029587745666504
/translate/es/profile - 0.0003659725189209
/translate/es/profile - 0.00025081634521484
/translate/es/profile - 0.00028800964355469
/translate/es/profile - 0.00040197372436523
/translate/es/profile - 0.00021195411682129
/translate/es/profile - 0.00028419494628906
/translate/es/profile - 0.00032901763916016
/translate/es/profile - 0.00037503242492676
/translate/es/profile - 0.00034117698669434
/translate/es/profile - 0.00029301643371582
/translate/es/profile - 0.00032901763916016
/translate/es/profile - 0.00023102760314941
/translate/es/profile - 0.00021505355834961
/translate/es/profile - 0.00021481513977051
/translate/es/profile - 0.00035691261291504
/translate/es/profile - 0.00039911270141602
/translate/es/profile - 0.00045013427734375
/translate/es/profile - 0.00022101402282715
/translate/es/profile - 0.00030803680419922
/translate/es/profile - 0.00020909309387207
/translate/es/profile - 0.00020098686218262
/translate/es/profile - 0.00020909309387207
/translate/es/profile - 0.00034213066101074
/translate/es/profile - 0.00022602081298828
/translate/es/profile - 0.00031399726867676
/translate/es/profile - 0.00022101402282715
/translate/es/profile - 0.00023102760314941
/translate/es/profile - 0.0002598762512207
/translate/es/profile - 0.00022697448730469
/translate/es/profile - 0.00025606155395508
/translate/es/profile - 0.00019407272338867
/translate/es/profile - 0.00019407272338867
/translate/es/profile - 0.00021195411682129
/translate/es/profile - 0.00022792816162109
/translate/es/profile - 0.00022506713867188
/translate/es/profile - 0.00020503997802734
/translate/es/profile - 0.00028419494628906
/translate/es/profile - 0.00020194053649902
/translate/es/profile - 0.00019097328186035
/translate/es/profile - 0.00020909309387207
/translate/es/profile - 0.00021505355834961
/translate/es/profile - 0.00020289421081543
/translate/es/profile - 0.00033688545227051
/translate/es/profile - 0.0002129077911377
/translate/es/profile - 0.00019192695617676
/translate/es/profile - 0.00021505355834961
/translate/es/profile - 0.00022411346435547
/translate/es/profile - 0.00021505355834961
/translate/es/profile - 0.00026988983154297
/on/render/profile - 0.3664608001709
/view/adminlte/private/profile - 0.3770740032196
/http/GET/profile - 0.397625207901
/translate/es/profile - 0.00021195411682129
/translate/es/profile - 0.00023102760314941
/translate/es/profile - 0.00019407272338867
/translate/es/profile - 0.00020098686218262
/translate/es/profile - 0.00019717216491699
/translate/es/profile - 0.00030088424682617
/translate/es/profile - 0.00024294853210449
/translate/es/profile - 0.00022411346435547
/translate/es/profile - 0.00021100044250488
/translate/es/profile - 0.00020289421081543
/translate/es/profile - 0.00029206275939941
/translate/es/profile - 0.00023794174194336
/translate/es/profile - 0.0001978874206543
/translate/es/profile - 0.00020790100097656
/translate/es/profile - 0.00020694732666016
/translate/es/profile - 0.00031781196594238
/translate/es/profile - 0.00025105476379395
/translate/es/profile - 0.0002448558807373
/translate/es/profile - 0.00019407272338867
/translate/es/profile - 0.00019216537475586
/translate/es/profile - 0.00025606155395508
/translate/es/profile - 0.00018787384033203
/translate/es/profile - 0.00029611587524414
/translate/es/profile - 0.00024890899658203
/translate/es/profile - 0.000244140625
/translate/es/profile - 0.00020408630371094
/translate/es/profile - 0.00024318695068359
/translate/es/profile - 0.00024104118347168
/translate/es/profile - 0.00032401084899902
/translate/es/profile - 0.00024104118347168
/translate/es/profile - 0.00020408630371094
/translate/es/profile - 0.00025391578674316
/translate/es/profile - 0.00020885467529297
/translate/es/profile - 0.00028705596923828
/translate/es/profile - 0.00021004676818848
/translate/es/profile - 0.00020599365234375
/translate/es/profile - 0.00023698806762695
/translate/es/profile - 0.00026202201843262
/translate/es/profile - 0.00030016899108887
/translate/es/profile - 0.00020003318786621
/translate/es/profile - 0.00025391578674316
/translate/es/profile - 0.00024199485778809
/translate/es/profile - 0.00020909309387207
/translate/es/profile - 0.00029206275939941
/translate/es/profile - 0.00023102760314941
/translate/es/profile - 0.00020503997802734
/translate/es/profile - 0.00020194053649902
/translate/es/profile - 0.00023007392883301
/translate/es/profile - 0.00030422210693359
/translate/es/profile - 0.00025415420532227
/translate/es/profile - 0.00020384788513184
/translate/es/profile - 0.00021100044250488
/translate/es/profile - 0.00020694732666016
/translate/es/profile - 0.00021505355834961
/translate/es/profile - 0.00029802322387695
/translate/es/profile - 0.00033092498779297
/translate/es/profile - 0.00037312507629395
/translate/es/profile - 0.00021696090698242
/translate/es/profile - 0.00020599365234375
/translate/es/profile - 0.00020289421081543
/translate/es/profile - 0.00019288063049316
/translate/es/profile - 0.0002129077911377
/translate/es/profile - 0.00019598007202148
/translate/es/profile - 0.00022101402282715
/translate/es/profile - 0.00026822090148926
/translate/es/profile - 0.00022196769714355
/translate/es/profile - 0.00020217895507812
/translate/es/profile - 0.00022697448730469
/translate/es/profile - 0.00021195411682129
/translate/es/profile - 0.0002439022064209
/translate/es/profile - 0.00026798248291016
/translate/es/profile - 0.00023508071899414
/translate/es/profile - 0.00020718574523926
/translate/es/profile - 0.00026679039001465
/translate/es/profile - 0.0002129077911377
/translate/es/profile - 0.00021982192993164
/translate/es/profile - 0.0002138614654541
/translate/es/profile - 0.0002589225769043
/translate/es/profile - 0.00030803680419922
/translate/es/profile - 0.00022697448730469
/translate/es/profile - 0.00019383430480957
/translate/es/profile - 0.00026679039001465
/translate/es/profile - 0.00025486946105957
/translate/es/profile - 0.00033402442932129
/translate/es/profile - 0.00025701522827148
/translate/es/profile - 0.0001990795135498
/translate/es/profile - 0.00019717216491699
/translate/es/profile - 0.00024604797363281
/translate/es/profile - 0.00020813941955566
/translate/es/profile - 0.0002138614654541
/translate/es/profile - 0.00030088424682617
/on/render/profile - 0.33245801925659
/view/adminlte/private/profile - 0.34635400772095
/http/GET/profile - 0.37358808517456
/translate/es/profile - 0.00030016899108887
/translate/es/profile - 0.00025200843811035
/translate/es/profile - 0.00022292137145996
/translate/es/profile - 0.00029897689819336
/translate/es/profile - 0.00031399726867676
/translate/es/profile - 0.00024986267089844
/translate/es/profile - 0.00020599365234375
/translate/es/profile - 0.00022602081298828
/translate/es/profile - 0.00020909309387207
/translate/es/profile - 0.00027298927307129
/translate/es/profile - 0.00022602081298828
/translate/es/profile - 0.00026297569274902
/translate/es/profile - 0.00024795532226562
/translate/es/profile - 0.0003352165222168
/translate/es/profile - 0.00025415420532227
/translate/es/profile - 0.00020098686218262
/translate/es/profile - 0.00020003318786621
/translate/es/profile - 0.00029993057250977
/translate/es/profile - 0.00024604797363281
/translate/es/profile - 0.00024890899658203
/translate/es/profile - 0.00027680397033691
/translate/es/profile - 0.00022411346435547
/translate/es/profile - 0.00024199485778809
/translate/es/profile - 0.000244140625
/translate/es/profile - 0.0001978874206543
/translate/es/profile - 0.00021004676818848
/translate/es/profile - 0.0002131462097168
/translate/es/profile - 0.00026798248291016
/translate/es/profile - 0.00021219253540039
/translate/es/profile - 0.00021910667419434
/translate/es/profile - 0.00030016899108887
/translate/es/profile - 0.00023698806762695
/translate/es/profile - 0.00019598007202148
/translate/es/profile - 0.00019216537475586
/translate/es/profile - 0.00023484230041504
/translate/es/profile - 0.00025606155395508
/translate/es/profile - 0.00030612945556641
/translate/es/profile - 0.00021982192993164
/translate/es/profile - 0.00021600723266602
/translate/es/profile - 0.00038313865661621
/translate/es/profile - 0.00020909309387207
/translate/es/profile - 0.00020599365234375
/translate/es/profile - 0.00021100044250488
/translate/es/profile - 0.00020503997802734
/translate/es/profile - 0.00026988983154297
/translate/es/profile - 0.00022006034851074
/translate/es/profile - 0.0001990795135498
/translate/es/profile - 0.00020813941955566
/translate/es/profile - 0.00021910667419434
/translate/es/profile - 0.00026702880859375
/translate/es/profile - 0.00027680397033691
/translate/es/profile - 0.00028610229492188
/translate/es/profile - 0.00036096572875977
/translate/es/profile - 0.0002281665802002
/translate/es/profile - 0.00019717216491699
/translate/es/profile - 0.0001990795135498
/translate/es/profile - 0.00024604797363281
/translate/es/profile - 0.00020718574523926
/translate/es/profile - 0.00019001960754395
/translate/es/profile - 0.00020885467529297
/translate/es/profile - 0.00020599365234375
/translate/es/profile - 0.0003819465637207
/translate/es/profile - 0.00022292137145996
/translate/es/profile - 0.00023484230041504
/translate/es/profile - 0.00019097328186035
/translate/es/profile - 0.00023698806762695
/translate/es/profile - 0.00025296211242676
/translate/es/profile - 0.00020885467529297
/translate/es/profile - 0.00024294853210449
/translate/es/profile - 0.00023007392883301
/translate/es/profile - 0.00022602081298828
/translate/es/profile - 0.00020599365234375
/translate/es/profile - 0.00021195411682129
/translate/es/profile - 0.00021195411682129
/translate/es/profile - 0.00020790100097656
/translate/es/profile - 0.00023007392883301
/translate/es/profile - 0.00024914741516113
/translate/es/profile - 0.00023794174194336
/translate/es/profile - 0.00025081634521484
/translate/es/profile - 0.0002281665802002
/translate/es/profile - 0.00021791458129883
/translate/es/profile - 0.00022792816162109
/translate/es/profile - 0.00019407272338867
/translate/es/profile - 0.00019311904907227
/translate/es/profile - 0.00023293495178223
/translate/es/profile - 0.00023102760314941
/translate/es/profile - 0.00025200843811035
/translate/es/profile - 0.00023818016052246
/translate/es/profile - 0.00019598007202148
/translate/es/profile - 0.00046205520629883
/translate/es/profile - 0.00022196769714355
/on/render/profile - 0.34162998199463
/view/adminlte/private/profile - 0.35355496406555
/http/GET/profile - 0.38818383216858
/on/render/profile - 0.00038909912109375
/view/adminlte/private/profile - 0.012265205383301
/http/GET/profile - 0.039555072784424
/on/render/profile - 0.00034403800964355
/view/adminlte/private/profile - 0.01058292388916
/http/GET/profile - 0.032757997512817
/on/render/profile - 0.00033307075500488
/view/adminlte/private/profile - 0.012388944625854
/http/GET/profile - 0.038203001022339
/on/render/profile - 0.00064682960510254
/view/adminlte/private/profile - 0.014493942260742
/http/GET/profile - 0.031877994537354
/on/render/profile - 0.00036811828613281
/view/adminlte/private/profile - 0.014423847198486
/http/GET/profile - 0.040533065795898
/on/render/profile - 0.00041508674621582
/view/adminlte/private/profile - 0.013707876205444
/http/GET/profile - 0.035756826400757
/on/render/profile - 0.00040006637573242
/view/adminlte/private/profile - 0.013312101364136
/http/GET/profile - 0.042039155960083
/on/render/profile - 0.00047993659973145
/view/adminlte/private/profile - 0.012461185455322
/http/GET/profile - 0.036344051361084
/on/render/profile - 0.00072312355041504
/view/adminlte/private/profile - 0.014519929885864
/http/GET/profile - 0.049869060516357
/on/render/profile - 0.00078392028808594
/view/adminlte/private/profile - 0.015728950500488
/http/GET/profile - 0.038575887680054
/on/render/index - 0.00024890899658203
/view/adminlte/private/index - 0.0073938369750977
/http/GET/index - 0.022101163864136
/on/render/profile - 0.00038290023803711
/view/adminlte/private/profile - 0.011844873428345
/http/GET/profile - 0.027523040771484
/on/render/index - 0.00025510787963867
/view/adminlte/private/index - 0.0082700252532959
/http/GET/index - 0.023801803588867
/on/render/profile - 0.00038599967956543
/view/adminlte/private/profile - 0.010891914367676
/http/GET/profile - 0.028594017028809
/on/render/profile - 0.00035810470581055
/view/adminlte/private/profile - 0.011473894119263
/http/GET/profile - 0.031255006790161
/on/render/profile - 0.0004730224609375
/view/adminlte/private/profile - 0.015290975570679
/http/GET/profile - 0.046135902404785
/on/render/profile - 0.00075101852416992
/view/adminlte/private/profile - 0.014297962188721
/http/GET/profile - 0.039077997207642
/on/render/profile - 0.00048494338989258
/view/adminlte/private/profile - 0.016131162643433
/http/GET/profile - 0.044293165206909
/on/render/profile - 0.00082111358642578
/view/adminlte/private/profile - 0.023442983627319
/http/GET/profile - 0.051136016845703
/on/render/profile - 0.00040221214294434
/view/adminlte/private/profile - 0.012762069702148
/http/GET/profile - 0.035555124282837
/on/render/profile - 0.00044989585876465
/view/adminlte/private/profile - 0.017194986343384
/http/GET/profile - 0.04050612449646
/on/render/profile - 0.0023620128631592
/view/adminlte/private/profile - 0.011981010437012
/http/GET/profile - 0.048218011856079
/on/render/profile - 0.0032520294189453
/view/adminlte/private/profile - 0.01513409614563
/http/GET/profile - 0.043988943099976
/on/render/profile - 0.0044369697570801
/view/adminlte/private/profile - 0.01909613609314
/http/GET/profile - 0.049890041351318
/on/render/profile - 0.0042521953582764
/view/adminlte/private/profile - 0.016520023345947
/http/GET/profile - 0.037575960159302
/on/render/profile - 0.0031840801239014
/view/adminlte/private/profile - 0.013231992721558
/http/GET/profile - 0.035920143127441
/on/render/profile - 0.0032799243927002
/view/adminlte/private/profile - 0.016342878341675
/http/GET/profile - 0.047879934310913
/on/render/index - 0.0010251998901367
/view/adminlte/private/index - 0.0093109607696533
/http/GET/index - 0.027405977249146
/on/render/profile - 0.0027298927307129
/view/adminlte/private/profile - 0.014547824859619
/http/GET/profile - 0.032523155212402
/on/render/index - 0.0010311603546143
/view/adminlte/private/index - 0.0089550018310547
/http/GET/index - 0.024634838104248
/on/render/profile - 0.0027389526367188
/view/adminlte/private/profile - 0.013714790344238
/http/GET/profile - 0.032133102416992
/on/render/index - 0.00051403045654297
/view/adminlte/public/index - 0.0061249732971191
/http/GET/ - 0.020184993743896
/on/render/login - 0.00066590309143066
/view/adminlte/login/login - 0.0076169967651367
/http/GET/login - 0.023139953613281
/bd/query/validateLogin - 0.0036509037017822
/on/render/index - 0.00083303451538086
/view/adminlte/private/index - 0.0072867870330811
/http/GET/ - 0.019917964935303
/on/render/index - 0.0011129379272461
/view/adminlte/private/index - 0.0088019371032715
/http/GET/index - 0.025314092636108
/on/render/profile - 0.0031509399414062
/view/adminlte/private/profile - 0.014765977859497
/http/GET/profile - 0.032179117202759
/on/render/profile - 0.0026881694793701
/view/moderna/private/profile - 0.021318912506104
/http/GET/profile - 0.043139934539795
/on/render/plugins - 0.0030579566955566
/view/moderna/private/plugins - 0.012551069259644
/http/GET/plugins/template/moderna/layout/css/jcarousel.css - 0.031831979751587
/on/render/profile - 0.0035150051116943
/view/moderna/private/profile - 0.013750076293945
/http/GET/profile - 0.037370920181274
/on/render/plugins - 0.0035598278045654
/view/moderna/private/plugins - 0.013818979263306
/http/GET/plugins/template/moderna/layout/css/jcarousel.css - 0.03394603729248
/on/render/plugins - 0.0035898685455322
/view/moderna/private/plugins - 0.012277841567993
/http/GET/plugins/template/moderna/layout/css/jcarousel.css - 0.026886940002441
/on/render/profile - 0.0023369789123535
/view/moderna/private/profile - 0.0088751316070557
/http/GET/profile - 0.033879041671753
/on/render/plugins - 0.00370192527771
/view/moderna/private/plugins - 0.014011144638062
/http/GET/plugins/template/moderna/layout/css/jcarousel.css - 0.035672187805176
/on/render/profile - 0.0018479824066162
/view/moderna/private/profile - 0.0093488693237305
/http/GET/profile - 0.028845071792603
/on/render/plugins - 0.0035140514373779
/view/moderna/private/plugins - 0.014464855194092
/http/GET/plugins/template/moderna/layout/css/jcarousel.css - 0.036754846572876
/on/render/profile - 0.0023407936096191
/view/adminlte/private/profile - 0.012650012969971
/http/GET/profile - 0.041073083877563
/on/render/index - 0.0010178089141846
/view/adminlte/private/index - 0.0086548328399658
/http/GET/index - 0.024927139282227
/on/render/profile - 0.0023260116577148
/view/adminlte/private/profile - 0.012198925018311
/http/GET/profile - 0.028990030288696
/on/render/index - 0.0010199546813965
/view/adminlte/private/index - 0.008552074432373
/http/GET/index - 0.023494005203247
/on/render/index - 0.00054502487182617
/view/adminlte/public/index - 0.0062911510467529
/http/GET/ - 0.020078897476196
/on/render/index - 0.00064396858215332
/view/adminlte/public/index - 0.0067670345306396
/http/GET/index - 0.022243022918701
/on/render/login - 0.00089097023010254
/view/adminlte/login/login - 0.0076360702514648
/http/GET/login - 0.023509979248047
/on/render/index - 0.00064206123352051
/view/adminlte/public/index - 0.0071408748626709
/http/GET/index - 0.025892019271851
/on/render/login - 0.00083589553833008
/view/adminlte/login/login - 0.0072469711303711
/http/GET/login - 0.02423882484436
/on/render/index - 0.00063991546630859
/view/adminlte/public/index - 0.0071518421173096
/http/GET/index - 0.022032022476196
/on/render/index - 0.0074670314788818
/view/adminlte/public/index - 0.0135657787323
/http/GET/index - 0.081908941268921
/on/render/index - 0.0015039443969727
/on/render/index - 0.0017609596252441
/on/render/index - 0.0018949508666992
/on/render/index - 0.0027101039886475
/view/adminlte/public/index - 1.1770119667053
/on/render/index - 0.0015010833740234
/on/render/index - 0.001755952835083
/on/render/index - 0.0017039775848389
/on/render/index - 0.0024330615997314
/view/adminlte/public/index - 0.25941610336304
/on/render/index - 0.0015609264373779
/on/render/index - 0.0018289089202881
/on/render/index - 0.001802921295166
/on/render/index - 0.0017650127410889
/view/adminlte/public/index - 0.054129838943481
/on/render/index - 0.006525993347168
/on/render/index - 0.0019099712371826
/on/render/index - 0.0018320083618164
/on/render/index - 0.0016601085662842
/view/adminlte/public/index - 0.057586908340454
/http/GET/index - 1.6608481407166
/http/GET/plugins/template/adminlte/layout//plugins/template/adminlte/layout//plugins/template/adminlte/layout//plugins/template/adminlte/layout//plugins/template/adminlte/layout//plugins/template/adminlte/layout//plugins/template/adminlte/layout//plugins/template/adminlte/layout/bootstrap/css/bootstrap.min.css - 0.43670201301575
/http/GET/plugins/template/adminlte/layout//plugins/template/adminlte/layout//plugins/template/adminlte/layout//plugins/template/adminlte/layout//plugins/template/adminlte/layout//plugins/template/adminlte/layout//plugins/template/adminlte/layout//plugins/template/adminlte/layout/dist/css/AdminLTE.min.css - 0.33120489120483
/http/GET/plugins/template/adminlte/layout//plugins/template/adminlte/layout//plugins/template/adminlte/layout//plugins/template/adminlte/layout//plugins/template/adminlte/layout//plugins/template/adminlte/layout//plugins/template/adminlte/layout//plugins/template/adminlte/layout/dist/css/skins/_all-skins.min.css - 0.32070088386536
/http/GET/plugins/template/adminlte/layout//plugins/template/adminlte/layout//plugins/template/adminlte/layout//plugins/template/adminlte/layout//plugins/template/adminlte/layout//plugins/template/adminlte/layout//plugins/template/adminlte/layout//plugins/template/adminlte/layout//plugins/template/adminlte/layout//plugins/template/adminlte/layout//plugins/template/adminlte/layout//plugins/template/adminlte/layout/bootstrap/css/bootstrap.min.css - 0.34100794792175
/http/GET/plugins/template/adminlte/layout//plugins/template/adminlte/layout//plugins/template/adminlte/layout//plugins/template/adminlte/layout//plugins/template/adminlte/layout//plugins/template/adminlte/layout//plugins/template/adminlte/layout//plugins/template/adminlte/layout//plugins/template/adminlte/layout//plugins/template/adminlte/layout//plugins/template/adminlte/layout//plugins/template/adminlte/layout/dist/css/AdminLTE.min.css - 0.32176685333252
/http/GET/plugins/template/adminlte/layout//plugins/template/adminlte/layout//plugins/template/adminlte/layout//plugins/template/adminlte/layout//plugins/template/adminlte/layout//plugins/template/adminlte/layout//plugins/template/adminlte/layout//plugins/template/adminlte/layout//plugins/template/adminlte/layout//plugins/template/adminlte/layout//plugins/template/adminlte/layout//plugins/template/adminlte/layout/dist/css/skins/_all-skins.min.css - 0.31891298294067
/on/render/index - 0.00093317031860352
/on/render/index - 0.00091695785522461
/on/render/index - 0.0014231204986572
/on/render/index - 0.0017650127410889
/view/adminlte/public/index - 0.037736892700195
/on/render/index - 0.0022640228271484
/on/render/index - 0.0015308856964111
/on/render/index - 0.0016469955444336
/on/render/index - 0.0025930404663086
/view/adminlte/public/index - 0.055913925170898
/on/render/index - 0.00097918510437012
/on/render/index - 0.0017647743225098
/on/render/index - 0.0014848709106445
/on/render/index - 0.0010209083557129
/view/adminlte/public/index - 0.036288976669312
/on/render/index - 0.00092506408691406
/on/render/index - 0.001662015914917
/on/render/index - 0.0010769367218018
/on/render/index - 0.0010151863098145
/view/adminlte/public/index - 0.028057098388672
/http/GET/index - 0.21314287185669
/on/render/plugins - 0.0010910034179688
/on/render/plugins - 0.0009310245513916
/on/render/plugins - 0.00091099739074707
/on/render/plugins - 0.00094699859619141
/on/render/plugins - 0.0011501312255859
/on/render/plugins - 0.00092601776123047
/on/render/plugins - 0.00091099739074707
/on/render/plugins - 0.00097393989562988
/http/GET/plugins/template/adminlte/layout//plugins/template/adminlte/layout//plugins/template/adminlte/layout//plugins/template/adminlte/layout//plugins/template/adminlte/layout//plugins/template/adminlte/layout//plugins/template/adminlte/layout//plugins/template/adminlte/layout//plugins/template/adminlte/layout//plugins/template/adminlte/layout//plugins/template/adminlte/layout//plugins/template/adminlte/layout//plugins/template/adminlte/layout//plugins/template/adminlte/layout//plugins/template/adminlte/layout//plugins/template/adminlte/layout/bootstrap/css/bootstrap.min.css - 0.32597398757935
/http/GET/plugins/template/adminlte/layout//plugins/template/adminlte/layout//plugins/template/adminlte/layout//plugins/template/adminlte/layout//plugins/template/adminlte/layout//plugins/template/adminlte/layout//plugins/template/adminlte/layout//plugins/template/adminlte/layout//plugins/template/adminlte/layout//plugins/template/adminlte/layout//plugins/template/adminlte/layout//plugins/template/adminlte/layout//plugins/template/adminlte/layout//plugins/template/adminlte/layout//plugins/template/adminlte/layout//plugins/template/adminlte/layout/dist/css/AdminLTE.min.css - 0.33030295372009
/http/GET/plugins/template/adminlte/layout//plugins/template/adminlte/layout//plugins/template/adminlte/layout//plugins/template/adminlte/layout//plugins/template/adminlte/layout//plugins/template/adminlte/layout//plugins/template/adminlte/layout//plugins/template/adminlte/layout//plugins/template/adminlte/layout//plugins/template/adminlte/layout//plugins/template/adminlte/layout//plugins/template/adminlte/layout//plugins/template/adminlte/layout//plugins/template/adminlte/layout//plugins/template/adminlte/layout//plugins/template/adminlte/layout/dist/css/skins/_all-skins.min.css - 0.32802891731262
/on/render/plugins - 0.00088906288146973
/on/render/plugins - 0.00096797943115234
/on/render/plugins - 0.0011930465698242
/on/render/plugins - 0.0011260509490967
/view/adminlte/login/plugins - 0.028846979141235
/on/render/plugins - 0.0010709762573242
/on/render/plugins - 0.00090885162353516
/on/render/plugins - 0.00099802017211914
/on/render/plugins - 0.00146484375
/view/adminlte/login/plugins - 0.02688193321228
/on/render/plugins - 0.0011320114135742
/on/render/plugins - 0.0009160041809082
/on/render/plugins - 0.00099587440490723
/on/render/plugins - 0.00093507766723633
/view/adminlte/login/plugins - 0.026376008987427
/on/render/plugins - 0.0008690357208252
/on/render/plugins - 0.00092506408691406
/on/render/plugins - 0.00095415115356445
/on/render/plugins - 0.0010139942169189
/view/adminlte/login/plugins - 0.027228832244873
/http/GET/plugins/template/adminlte/layout//plugins/template/adminlte/layout//plugins/template/adminlte/layout//plugins/template/adminlte/layout/dist/css/login - 0.14450907707214
/on/render/plugins - 0.0009620189666748
/on/render/plugins - 0.0010437965393066
/on/render/plugins - 0.001533031463623
/on/render/plugins - 0.00094008445739746
/view/adminlte/login/plugins - 0.053667068481445
/on/render/plugins - 0.0008699893951416
/on/render/plugins - 0.00091290473937988
/on/render/plugins - 0.00096416473388672
/on/render/plugins - 0.00094199180603027
/view/adminlte/login/plugins - 0.025529146194458
/on/render/plugins - 0.00092792510986328
/on/render/plugins - 0.0009300708770752
/on/render/plugins - 0.0010988712310791
/on/render/plugins - 0.00093793869018555
/view/adminlte/login/plugins - 0.026238918304443
/on/render/plugins - 0.00089788436889648
/on/render/plugins - 0.00090384483337402
/on/render/plugins - 0.00095987319946289
/on/render/plugins - 0.00096011161804199
/view/adminlte/login/plugins - 0.026100158691406
/http/GET/plugins/template/adminlte/layout//plugins/template/adminlte/layout//plugins/template/adminlte/layout//plugins/template/adminlte/layout/bootstrap/css/login - 0.16790795326233
/on/render/plugins - 0.0011229515075684
/on/render/plugins - 0.00098705291748047
/on/render/plugins - 0.001708984375
/on/render/plugins - 0.0010080337524414
/view/adminlte/login/plugins - 0.028332948684692
/on/render/plugins - 0.0012679100036621
/on/render/plugins - 0.00094699859619141
/on/render/plugins - 0.0011658668518066
/on/render/plugins - 0.00098299980163574
/view/adminlte/login/plugins - 0.027821063995361
/on/render/plugins - 0.00091695785522461
/on/render/plugins - 0.000946044921875
/on/render/plugins - 0.00099802017211914
/on/render/plugins - 0.0010218620300293
/view/adminlte/login/plugins - 0.028100967407227
/on/render/plugins - 0.00092387199401855
/on/render/plugins - 0.00095415115356445
/on/render/plugins - 0.0010299682617188
/on/render/plugins - 0.0010650157928467
/view/adminlte/login/plugins - 0.027621984481812
/http/GET/plugins/template/adminlte/layout//plugins/template/adminlte/layout//plugins/template/adminlte/layout//plugins/template/adminlte/layout/dist/css/skins/login - 0.14246702194214
/on/render/index - 0.00096416473388672
/on/render/index - 0.001270055770874
/on/render/index - 0.0014729499816895
/on/render/index - 0.0010330677032471
/view/adminlte/public/index - 0.034038066864014
/on/render/index - 0.0015921592712402
/on/render/index - 0.0015830993652344
/on/render/index - 0.0016710758209229
/on/render/index - 0.0018901824951172
/view/adminlte/public/index - 0.044772863388062
/on/render/index - 0.00095891952514648
/on/render/index - 0.0021481513977051
/on/render/index - 0.0020101070404053
/on/render/index - 0.0018069744110107
/view/adminlte/public/index - 0.053550004959106
/on/render/index - 0.00094699859619141
/on/render/index - 0.0010218620300293
/on/render/index - 0.0010230541229248
/on/render/index - 0.00118088722229
/view/adminlte/public/index - 0.03258204460144
/http/GET/index - 0.21272301673889
/http/GET/plugins/template/adminlte/layout//plugins/template/adminlte/layout//plugins/template/adminlte/layout//plugins/template/adminlte/layout//plugins/template/adminlte/layout//plugins/template/adminlte/layout//plugins/template/adminlte/layout//plugins/template/adminlte/layout/plugins/jQuery/jQuery-2.1.4.min.js - 0.31669402122498
/http/GET/plugins/template/adminlte/layout//plugins/template/adminlte/layout//plugins/template/adminlte/layout//plugins/template/adminlte/layout//plugins/template/adminlte/layout//plugins/template/adminlte/layout//plugins/template/adminlte/layout//plugins/template/adminlte/layout/bootstrap/js/bootstrap.min.js - 0.31585001945496
/http/GET/plugins/template/adminlte/layout//plugins/template/adminlte/layout//plugins/template/adminlte/layout//plugins/template/adminlte/layout//plugins/template/adminlte/layout//plugins/template/adminlte/layout//plugins/template/adminlte/layout//plugins/template/adminlte/layout/plugins/slimScroll/jquery.slimscroll.min.js - 0.32880306243896
/http/GET/plugins/template/adminlte/layout//plugins/template/adminlte/layout//plugins/template/adminlte/layout//plugins/template/adminlte/layout//plugins/template/adminlte/layout//plugins/template/adminlte/layout//plugins/template/adminlte/layout//plugins/template/adminlte/layout/plugins/fastclick/fastclick.min.js - 0.33028602600098
/http/GET/plugins/template/adminlte/layout//plugins/template/adminlte/layout//plugins/template/adminlte/layout//plugins/template/adminlte/layout//plugins/template/adminlte/layout//plugins/template/adminlte/layout//plugins/template/adminlte/layout//plugins/template/adminlte/layout/dist/js/app.min.js - 0.32679295539856
/http/GET/plugins/template/adminlte/layout//plugins/template/adminlte/layout//plugins/template/adminlte/layout//plugins/template/adminlte/layout//plugins/template/adminlte/layout//plugins/template/adminlte/layout//plugins/template/adminlte/layout//plugins/template/adminlte/layout/dist/js/demo.js - 0.33210492134094
/http/GET/plugins/template/adminlte/layout//plugins/template/adminlte/layout//plugins/template/adminlte/layout//plugins/template/adminlte/layout//plugins/template/adminlte/layout//plugins/template/adminlte/layout//plugins/template/adminlte/layout//plugins/template/adminlte/layout//plugins/template/adminlte/layout//plugins/template/adminlte/layout//plugins/template/adminlte/layout//plugins/template/adminlte/layout/plugins/jQuery/jQuery-2.1.4.min.js - 0.33082890510559
/http/GET/plugins/template/adminlte/layout//plugins/template/adminlte/layout//plugins/template/adminlte/layout//plugins/template/adminlte/layout//plugins/template/adminlte/layout//plugins/template/adminlte/layout//plugins/template/adminlte/layout//plugins/template/adminlte/layout//plugins/template/adminlte/layout//plugins/template/adminlte/layout//plugins/template/adminlte/layout//plugins/template/adminlte/layout/bootstrap/js/bootstrap.min.js - 0.32262206077576
/http/GET/plugins/template/adminlte/layout//plugins/template/adminlte/layout//plugins/template/adminlte/layout//plugins/template/adminlte/layout//plugins/template/adminlte/layout//plugins/template/adminlte/layout//plugins/template/adminlte/layout//plugins/template/adminlte/layout//plugins/template/adminlte/layout//plugins/template/adminlte/layout//plugins/template/adminlte/layout//plugins/template/adminlte/layout/plugins/slimScroll/jquery.slimscroll.min.js - 0.32989907264709
/http/GET/plugins/template/adminlte/layout//plugins/template/adminlte/layout//plugins/template/adminlte/layout//plugins/template/adminlte/layout//plugins/template/adminlte/layout//plugins/template/adminlte/layout//plugins/template/adminlte/layout//plugins/template/adminlte/layout//plugins/template/adminlte/layout//plugins/template/adminlte/layout//plugins/template/adminlte/layout//plugins/template/adminlte/layout/plugins/fastclick/fastclick.min.js - 0.31409406661987
/http/GET/plugins/template/adminlte/layout//plugins/template/adminlte/layout//plugins/template/adminlte/layout//plugins/template/adminlte/layout//plugins/template/adminlte/layout//plugins/template/adminlte/layout//plugins/template/adminlte/layout//plugins/template/adminlte/layout//plugins/template/adminlte/layout//plugins/template/adminlte/layout//plugins/template/adminlte/layout//plugins/template/adminlte/layout/dist/js/app.min.js - 0.35531497001648
/http/GET/plugins/template/adminlte/layout//plugins/template/adminlte/layout//plugins/template/adminlte/layout//plugins/template/adminlte/layout//plugins/template/adminlte/layout//plugins/template/adminlte/layout//plugins/template/adminlte/layout//plugins/template/adminlte/layout//plugins/template/adminlte/layout//plugins/template/adminlte/layout//plugins/template/adminlte/layout//plugins/template/adminlte/layout/dist/js/demo.js - 0.35153293609619
/http/GET/plugins/template/adminlte/layout//plugins/template/adminlte/layout//plugins/template/adminlte/layout//plugins/template/adminlte/layout//plugins/template/adminlte/layout//plugins/template/adminlte/layout//plugins/template/adminlte/layout//plugins/template/adminlte/layout//plugins/template/adminlte/layout//plugins/template/adminlte/layout//plugins/template/adminlte/layout//plugins/template/adminlte/layout//plugins/template/adminlte/layout//plugins/template/adminlte/layout//plugins/template/adminlte/layout//plugins/template/adminlte/layout/plugins/jQuery/jQuery-2.1.4.min.js - 0.3422257900238
/on/render/index - 0.0010440349578857
/on/render/index - 0.00094890594482422
/on/render/index - 0.0012838840484619
/on/render/index - 0.0027248859405518
/view/adminlte/public/index - 0.044523000717163
/on/render/index - 0.0015528202056885
/on/render/index - 0.0014939308166504
/on/render/index - 0.0049521923065186
/on/render/index - 0.0015208721160889
/view/adminlte/public/index - 0.063853979110718
/on/render/index - 0.00095605850219727
/on/render/index - 0.00152587890625
/on/render/index - 0.0013501644134521
/on/render/index - 0.0010139942169189
/view/adminlte/public/index - 0.032566070556641
/on/render/index - 0.00093412399291992
/on/render/index - 0.0010299682617188
/on/render/index - 0.0010819435119629
/on/render/index - 0.001007080078125
/view/adminlte/public/index - 0.029576063156128
/http/GET/index - 0.21436500549316
/http/GET/plugins/template/adminlte/layout//plugins/template/adminlte/layout//plugins/template/adminlte/layout//plugins/template/adminlte/layout//plugins/template/adminlte/layout//plugins/template/adminlte/layout//plugins/template/adminlte/layout//plugins/template/adminlte/layout/bootstrap/css/bootstrap.min.css - 0.31716513633728
/http/GET/plugins/template/adminlte/layout//plugins/template/adminlte/layout//plugins/template/adminlte/layout//plugins/template/adminlte/layout//plugins/template/adminlte/layout//plugins/template/adminlte/layout//plugins/template/adminlte/layout//plugins/template/adminlte/layout/dist/css/AdminLTE.min.css - 0.33707118034363
/http/GET/plugins/template/adminlte/layout//plugins/template/adminlte/layout//plugins/template/adminlte/layout//plugins/template/adminlte/layout//plugins/template/adminlte/layout//plugins/template/adminlte/layout//plugins/template/adminlte/layout//plugins/template/adminlte/layout/dist/css/skins/_all-skins.min.css - 0.33853912353516
/http/GET/plugins/template/adminlte/layout//plugins/template/adminlte/layout//plugins/template/adminlte/layout//plugins/template/adminlte/layout//plugins/template/adminlte/layout//plugins/template/adminlte/layout//plugins/template/adminlte/layout//plugins/template/adminlte/layout//plugins/template/adminlte/layout//plugins/template/adminlte/layout//plugins/template/adminlte/layout//plugins/template/adminlte/layout/bootstrap/css/bootstrap.min.css - 0.34204983711243
/http/GET/plugins/template/adminlte/layout//plugins/template/adminlte/layout//plugins/template/adminlte/layout//plugins/template/adminlte/layout//plugins/template/adminlte/layout//plugins/template/adminlte/layout//plugins/template/adminlte/layout//plugins/template/adminlte/layout//plugins/template/adminlte/layout//plugins/template/adminlte/layout//plugins/template/adminlte/layout//plugins/template/adminlte/layout/dist/css/AdminLTE.min.css - 0.32701110839844
/http/GET/plugins/template/adminlte/layout//plugins/template/adminlte/layout//plugins/template/adminlte/layout//plugins/template/adminlte/layout//plugins/template/adminlte/layout//plugins/template/adminlte/layout//plugins/template/adminlte/layout//plugins/template/adminlte/layout//plugins/template/adminlte/layout//plugins/template/adminlte/layout//plugins/template/adminlte/layout//plugins/template/adminlte/layout/dist/css/skins/_all-skins.min.css - 0.34346103668213
/http/GET/plugins/template/adminlte/layout//plugins/template/adminlte/layout//plugins/template/adminlte/layout//plugins/template/adminlte/layout//plugins/template/adminlte/layout//plugins/template/adminlte/layout//plugins/template/adminlte/layout//plugins/template/adminlte/layout//plugins/template/adminlte/layout//plugins/template/adminlte/layout//plugins/template/adminlte/layout//plugins/template/adminlte/layout//plugins/template/adminlte/layout//plugins/template/adminlte/layout//plugins/template/adminlte/layout//plugins/template/adminlte/layout/bootstrap/css/bootstrap.min.css - 0.33619093894958
/http/GET/plugins/template/adminlte/layout//plugins/template/adminlte/layout//plugins/template/adminlte/layout//plugins/template/adminlte/layout//plugins/template/adminlte/layout//plugins/template/adminlte/layout//plugins/template/adminlte/layout//plugins/template/adminlte/layout//plugins/template/adminlte/layout//plugins/template/adminlte/layout//plugins/template/adminlte/layout//plugins/template/adminlte/layout//plugins/template/adminlte/layout//plugins/template/adminlte/layout//plugins/template/adminlte/layout//plugins/template/adminlte/layout/dist/css/AdminLTE.min.css - 0.32311296463013
/http/GET/plugins/template/adminlte/layout//plugins/template/adminlte/layout//plugins/template/adminlte/layout//plugins/template/adminlte/layout//plugins/template/adminlte/layout//plugins/template/adminlte/layout//plugins/template/adminlte/layout//plugins/template/adminlte/layout//plugins/template/adminlte/layout//plugins/template/adminlte/layout//plugins/template/adminlte/layout//plugins/template/adminlte/layout//plugins/template/adminlte/layout//plugins/template/adminlte/layout//plugins/template/adminlte/layout//plugins/template/adminlte/layout/dist/css/skins/_all-skins.min.css - 0.34379887580872
/http/GET/plugins/template/adminlte/layout//plugins/template/adminlte/layout//plugins/template/adminlte/layout//plugins/template/adminlte/layout//plugins/template/adminlte/layout//plugins/template/adminlte/layout//plugins/template/adminlte/layout//plugins/template/adminlte/layout//plugins/template/adminlte/layout//plugins/template/adminlte/layout//plugins/template/adminlte/layout//plugins/template/adminlte/layout//plugins/template/adminlte/layout//plugins/template/adminlte/layout//plugins/template/adminlte/layout//plugins/template/adminlte/layout/bootstrap/js/bootstrap.min.js - 0.42619705200195
/http/GET/plugins/template/adminlte/layout//plugins/template/adminlte/layout//plugins/template/adminlte/layout//plugins/template/adminlte/layout//plugins/template/adminlte/layout//plugins/template/adminlte/layout//plugins/template/adminlte/layout//plugins/template/adminlte/layout//plugins/template/adminlte/layout//plugins/template/adminlte/layout//plugins/template/adminlte/layout//plugins/template/adminlte/layout//plugins/template/adminlte/layout//plugins/template/adminlte/layout//plugins/template/adminlte/layout//plugins/template/adminlte/layout/plugins/slimScroll/jquery.slimscroll.min.js - 0.46266484260559
/http/GET/plugins/template/adminlte/layout//plugins/template/adminlte/layout//plugins/template/adminlte/layout//plugins/template/adminlte/layout//plugins/template/adminlte/layout//plugins/template/adminlte/layout//plugins/template/adminlte/layout//plugins/template/adminlte/layout//plugins/template/adminlte/layout//plugins/template/adminlte/layout//plugins/template/adminlte/layout//plugins/template/adminlte/layout//plugins/template/adminlte/layout//plugins/template/adminlte/layout//plugins/template/adminlte/layout//plugins/template/adminlte/layout/plugins/fastclick/fastclick.min.js - 0.46623301506042
/http/GET/plugins/template/adminlte/layout//plugins/template/adminlte/layout//plugins/template/adminlte/layout//plugins/template/adminlte/layout//plugins/template/adminlte/layout//plugins/template/adminlte/layout//plugins/template/adminlte/layout//plugins/template/adminlte/layout//plugins/template/adminlte/layout//plugins/template/adminlte/layout//plugins/template/adminlte/layout//plugins/template/adminlte/layout//plugins/template/adminlte/layout//plugins/template/adminlte/layout//plugins/template/adminlte/layout//plugins/template/adminlte/layout/dist/js/app.min.js - 0.47457218170166
/http/GET/plugins/template/adminlte/layout//plugins/template/adminlte/layout//plugins/template/adminlte/layout//plugins/template/adminlte/layout//plugins/template/adminlte/layout//plugins/template/adminlte/layout//plugins/template/adminlte/layout//plugins/template/adminlte/layout//plugins/template/adminlte/layout//plugins/template/adminlte/layout//plugins/template/adminlte/layout//plugins/template/adminlte/layout//plugins/template/adminlte/layout//plugins/template/adminlte/layout//plugins/template/adminlte/layout//plugins/template/adminlte/layout/dist/js/demo.js - 0.32551383972168
/on/render/plugins - 0.00059008598327637
/view/adminlte/login/plugins - 0.0071229934692383
/http/GET/plugins/template/adminlte/layout//plugins/template/adminlte/layout//plugins/template/adminlte/layout//plugins/template/adminlte/layout/plugins/jQuery/login - 0.01860499382019
/on/render/plugins - 0.00053596496582031
/view/adminlte/login/plugins - 0.0064451694488525
/http/GET/plugins/template/adminlte/layout//plugins/template/adminlte/layout//plugins/template/adminlte/layout//plugins/template/adminlte/layout/bootstrap/js/login - 0.019223928451538
/on/render/plugins - 0.00057792663574219
/view/adminlte/login/plugins - 0.0065860748291016
/http/GET/plugins/template/adminlte/layout//plugins/template/adminlte/layout//plugins/template/adminlte/layout//plugins/template/adminlte/layout/plugins/slimScroll/login - 0.018042087554932
/on/render/plugins - 0.00060200691223145
/view/adminlte/login/plugins - 0.0068249702453613
/http/GET/plugins/template/adminlte/layout//plugins/template/adminlte/layout//plugins/template/adminlte/layout//plugins/template/adminlte/layout/dist/js/login - 0.021611928939819
/on/render/plugins - 0.00066399574279785
/view/adminlte/login/plugins - 0.01072096824646
/http/GET/plugins/template/adminlte/layout//plugins/template/adminlte/layout//plugins/template/adminlte/layout//plugins/template/adminlte/layout/plugins/fastclick/login - 0.022655963897705
/on/render/plugins - 0.00060200691223145
/view/adminlte/login/plugins - 0.0067470073699951
/http/GET/plugins/template/adminlte/layout//plugins/template/adminlte/layout//plugins/template/adminlte/layout//plugins/template/adminlte/layout/dist/js/login - 0.02116584777832
/on/render/index - 0.0008549690246582
/view/adminlte/public/index - 0.010316133499146
/http/GET/index - 0.039366960525513
/on/render/login - 0.00068807601928711
/view/adminlte/login/login - 0.0078117847442627
/http/GET/login - 0.025094032287598
/on/render/index - 0.00063300132751465
/view/adminlte/public/index - 0.007194995880127
/http/GET/index - 0.022301912307739
/on/render/login - 0.00068521499633789
/view/adminlte/login/login - 0.0072970390319824
/http/GET/login - 0.022815942764282
/on/render/login - 0.00071501731872559
/view/adminlte/login/login - 0.0094339847564697
/http/GET/login - 0.03101110458374
/on/render/login - 0.00070714950561523
/view/adminlte/login/login - 0.0076460838317871
/http/GET/login - 0.022925138473511
/on/render/login - 0.00059986114501953
/view/adminlte/login/login - 0.0099458694458008
/http/GET/login - 0.025182962417603
/bd/query/validateLogin - 0.0043389797210693
/on/render/index - 0.00090885162353516
/view/adminlte/private/index - 0.0081429481506348
/http/GET/ - 0.02022910118103
/on/render/login - 0.00070095062255859
/view/adminlte/login/login - 0.0073451995849609
/http/GET/login - 0.022720098495483
/bd/query/validateLogin - 0.0031650066375732
/on/render/index - 0.00089001655578613
/view/adminlte/private/index - 0.007565975189209
/http/GET/ - 0.019533157348633
/on/render/login - 0.00069618225097656
/view/adminlte/login/login - 0.0069267749786377
/http/GET/login - 0.019165992736816
/bd/query/validateLogin - 0.004641056060791
/on/render/index - 0.00091099739074707
/view/adminlte/private/index - 0.008120059967041
/http/GET/ - 0.01800799369812
/on/render/profile - 0.0032088756561279
/view/adminlte/private/profile - 0.014447927474976
/http/GET/profile - 0.030588865280151
/on/render/index - 0.0010900497436523
/view/adminlte/private/index - 0.0092461109161377
/http/GET/index - 0.023204803466797
/on/render/profile - 0.003087043762207
/view/adminlte/private/profile - 0.014075040817261
/http/GET/profile - 0.028718948364258
/on/render/index - 0.00053501129150391
/view/adminlte/public/index - 0.0065851211547852
/http/GET/ - 0.017683982849121
/on/render/login - 0.00097298622131348
/view/adminlte/login/login - 0.0089800357818604
/http/GET/login - 0.027421951293945
/bd/query/validateLogin - 0.0047340393066406
/on/render/index - 0.00090718269348145
/view/adminlte/private/index - 0.0077681541442871
/http/GET/ - 0.020163059234619
/on/render/profile - 0.0031108856201172
/view/adminlte/private/profile - 0.013838052749634
/http/GET/profile - 0.02958083152771
/on/render/index - 0.0011041164398193
/view/adminlte/private/index - 0.0087141990661621
/http/GET/index - 0.020838022232056
/on/render/profile - 0.0031130313873291
/view/adminlte/private/profile - 0.01404881477356
/http/GET/profile - 0.029185056686401
/on/render/index - 0.0005800724029541
/view/adminlte/public/index - 0.0063848495483398
/http/GET/ - 0.017715215682983
/on/render/login - 0.00072503089904785
/view/adminlte/login/login - 0.0074291229248047
/http/GET/login - 0.022053003311157
/bd/query/validateLogin - 0.0047118663787842
/on/render/index - 0.0011129379272461
/view/adminlte/private/index - 0.0088310241699219
/http/GET/ - 0.021472930908203
/on/render/profile - 0.0032708644866943
/view/adminlte/private/profile - 0.016408920288086
/http/GET/profile - 0.033114910125732
/on/render/profile - 0.0040860176086426
/view/adminlte/private/profile - 0.019370079040527
/http/GET/profile - 0.039147853851318
/on/render/profile - 0.0036141872406006
/view/adminlte/private/profile - 0.013674020767212
/http/GET/profile - 0.028658866882324
/on/render/profile - 0.0032219886779785
/view/adminlte/private/profile - 0.017287969589233
/http/GET/profile - 0.036382913589478
/on/render/profile - 0.0024919509887695
/view/adminlte/private/profile - 0.013529062271118
/http/GET/profile - 0.034950971603394
/on/render/profile - 0.0024759769439697
/view/adminlte/private/profile - 0.013252019882202
/http/GET/profile - 0.040893793106079
/on/render/profile - 0.0036320686340332
/view/adminlte/private/profile - 0.015231847763062
/http/GET/profile - 0.042741060256958
/on/render/profile - 0.0031890869140625
/view/adminlte/private/profile - 0.015876054763794
/http/GET/profile - 0.036645889282227
/on/render/profile - 0.0031421184539795
/view/adminlte/private/profile - 0.016445875167847
/http/GET/profile - 0.040627956390381
/on/render/profile - 0.0023751258850098
/view/adminlte/private/profile - 0.015103101730347
/http/GET/profile - 0.036933898925781
/on/render/profile - 0.0034189224243164
/view/adminlte/private/profile - 0.017749071121216
/http/GET/profile - 0.041605949401855
/on/render/profile - 0.002331018447876
/view/adminlte/private/profile - 0.012633085250854
/http/GET/profile - 0.040014982223511
/on/render/profile - 0.0028190612792969
/view/adminlte/private/profile - 0.01819109916687
/http/GET/profile - 0.044739007949829
/on/render/profile - 0.0023360252380371
/view/adminlte/private/profile - 0.013629198074341
/http/GET/profile - 0.051448106765747
/on/render/profile - 0.0026891231536865
/view/adminlte/private/profile - 0.01444411277771
/http/GET/profile - 0.034492015838623
/on/render/index - 0.0010380744934082
/view/adminlte/private/index - 0.010252237319946
/http/GET/index - 0.031546115875244
/on/render/profile - 0.0024399757385254
/view/adminlte/private/profile - 0.013712882995605
/http/GET/profile - 0.031956195831299
/on/render/index - 0.00092697143554688
/view/adminlte/private/index - 0.0084469318389893
/http/GET/index - 0.023123979568481
/on/render/index - 0.0009760856628418
/view/adminlte/private/index - 0.0089170932769775
/http/GET/index - 0.031123876571655
/on/render/index - 0.002655029296875
/view/adminlte/private/index - 0.017618894577026
/http/GET/index - 0.044779062271118
/on/render/index - 0.001140832901001
/view/adminlte/private/index - 0.0095419883728027
/http/GET/index - 0.025464057922363
/on/render/index - 0.0014939308166504
/view/adminlte/private/index - 0.012855052947998
/http/GET/index - 0.039690017700195
/on/render/index - 0.0012140274047852
/view/adminlte/private/index - 0.01012396812439
/http/GET/index - 0.034826040267944
/on/render/index - 0.0012290477752686
/view/adminlte/private/index - 0.011820077896118
/http/GET/index - 0.034246921539307
/on/render/index - 0.0012679100036621
/view/adminlte/private/index - 0.010581016540527
/http/GET/index - 0.042951822280884
/on/render/index - 0.0010688304901123
/view/adminlte/private/index - 0.010945081710815
/http/GET/index - 0.027354001998901
/on/render/index - 0.0010480880737305
/view/adminlte/private/index - 0.0095579624176025
/http/GET/index - 0.023368120193481
/on/render/index - 0.0010490417480469
/view/adminlte/private/index - 0.0099570751190186
/http/GET/index - 0.024519920349121
/on/render/index - 0.0010480880737305
/view/adminlte/private/index - 0.010138988494873
/http/GET/index - 0.023833990097046
/on/render/index - 0.0015060901641846
/view/adminlte/private/index - 0.014119148254395
/http/GET/index - 0.043699026107788
/on/render/index - 0.00056004524230957
/view/adminlte/public/index - 0.0069890022277832
/http/GET/ - 0.020119190216064
/on/render/login - 0.00069999694824219
/view/adminlte/login/login - 0.0070700645446777
/http/GET/login - 0.022851943969727
/bd/query/validateLogin - 0.0053191184997559
/on/render/index - 0.0010550022125244
/view/adminlte/private/index - 0.0093300342559814
/http/GET/ - 0.023523807525635
/on/render/index - 0.0012290477752686
/view/adminlte/private/index - 0.0095710754394531
/http/GET/index - 0.023845911026001
/on/render/index - 0.00086617469787598
/view/adminlte/private/index - 0.0082461833953857
/http/GET/index - 0.024554014205933
/on/render/index - 0.0010499954223633
/view/adminlte/private/index - 0.0090599060058594
/http/GET/index - 0.023725032806396
/on/render/index - 0.00089406967163086
/view/adminlte/private/index - 0.0080940723419189
/http/GET/index - 0.022530078887939
/on/render/Settings - 0.0010769367218018
/view/adminlte/private/Settings - 0.0096499919891357
/http/GET/Settings - 0.02532696723938
/on/render/Profile - 0.0027239322662354
/view/adminlte/private/Profile - 0.014759063720703
/http/GET/Profile - 0.031213998794556
/on/render/Settings - 0.00095582008361816
/view/adminlte/private/Settings - 0.0097048282623291
/http/GET/Settings - 0.027055025100708
/on/render/Profile - 0.0028729438781738
/view/adminlte/private/Profile - 0.015406847000122
/http/GET/Profile - 0.032160997390747
/on/render/index - 0.0010411739349365
/view/adminlte/private/index - 0.0094850063323975
/http/GET/index - 0.024070978164673
/on/render/index - 0.0012619495391846
/view/adminlte/private/index - 0.0096888542175293
/http/GET/index - 0.025055170059204
/on/render/Profile - 0.0028910636901855
/view/adminlte/private/Profile - 0.016335964202881
/http/GET/Profile - 0.035050868988037
/on/render/Settings - 0.0011401176452637
/view/adminlte/private/Settings - 0.010599851608276
/http/GET/Settings - 0.026366949081421
/on/render/Profile - 0.0028889179229736
/view/adminlte/private/Profile - 0.015327930450439
/http/GET/Profile - 0.033284902572632
/on/render/Settings - 0.0016579627990723
/view/adminlte/private/Settings - 0.0096969604492188
/http/GET/Settings - 0.024633884429932
/on/render/Settings - 0.0013010501861572
/view/adminlte/private/Settings - 0.010894060134888
/http/GET/Settings - 0.029581069946289
/on/render/settings - 0.0010499954223633
/view/adminlte/private/settings - 0.0096731185913086
/http/GET/settings - 0.0245201587677
/on/render/profile - 0.0023188591003418
/view/adminlte/private/profile - 0.014079093933105
/http/GET/profile - 0.030678033828735
/on/render/index - 0.0010991096496582
/view/adminlte/private/index - 0.0098040103912354
/http/GET/index - 0.023833036422729
/on/render/profile - 0.0029330253601074
/view/adminlte/private/profile - 0.017099857330322
/http/GET/profile - 0.03348183631897
/on/render/settings - 0.0010600090026855
/view/adminlte/private/settings - 0.0097320079803467
/http/GET/settings - 0.025070190429688
/on/render/index - 0.0010437965393066
/view/adminlte/private/index - 0.010037899017334
/http/GET/index - 0.02650785446167
/on/render/index - 0.00084900856018066
/view/adminlte/private/index - 0.0084311962127686
/http/GET/index - 0.020587921142578
/on/render/profile - 0.0031189918518066
/view/adminlte/private/profile - 0.020550012588501
/http/GET/profile - 0.037626981735229
/on/render/settings - 0.0010411739349365
/view/adminlte/private/settings - 0.0099809169769287
/http/GET/settings - 0.027658939361572
/on/render/profile - 0.0027270317077637
/view/adminlte/private/profile - 0.016891956329346
/http/GET/profile - 0.035358905792236
/on/render/profile - 0.0024139881134033
/view/adminlte/private/profile - 0.015947818756104
/http/GET/profile - 0.034723997116089
/on/render/index - 0.0010421276092529
/view/adminlte/private/index - 0.0093891620635986
/http/GET/index - 0.02678394317627
/on/render/profile - 0.0023760795593262
/view/adminlte/private/profile - 0.015259981155396
/http/GET/profile - 0.03329610824585
/on/render/profile - 0.0041029453277588
/view/adminlte/private/profile - 0.020209074020386
/http/GET/profile - 0.044350862503052
/on/render/profile - 0.0039160251617432
/view/adminlte/private/profile - 0.025145053863525
/http/GET/profile - 0.056114196777344
/on/render/settings - 0.0010530948638916
/view/adminlte/private/settings - 0.0098671913146973
/http/GET/settings - 0.026848077774048
/on/render/settings - 0.0010998249053955
/view/adminlte/private/settings - 0.0095798969268799
/http/GET/settings - 0.023777008056641
/on/render/profile - 0.0023808479309082
/view/adminlte/private/profile - 0.016562938690186
/http/GET/profile - 0.032708883285522
/on/render/index - 0.0010581016540527
/view/adminlte/private/index - 0.0096340179443359
/http/GET/index - 0.023080825805664
/on/render/index - 0.0014810562133789
/view/adminlte/private/index - 0.015874147415161
/http/GET/index - 0.044191837310791
/on/render/profile - 0.004004955291748
/view/adminlte/private/profile - 0.021477937698364
/http/GET/profile - 0.050271987915039
/on/render/profile - 0.0035240650177002
/view/adminlte/private/profile - 0.018033027648926
/http/GET/profile - 0.042103052139282
/on/render/settings - 0.0010490417480469
/view/adminlte/private/settings - 0.0097098350524902
/http/GET/settings - 0.024615049362183
/on/render/index - 0.00085306167602539
/view/adminlte/private/index - 0.0089960098266602
/http/GET/index - 0.022713899612427
/on/render/profile - 0.0024309158325195
/view/adminlte/private/profile - 0.014817953109741
/http/GET/profile - 0.031182050704956
/on/render/settings - 0.0010960102081299
/view/adminlte/private/settings - 0.010077953338623
/http/GET/settings - 0.023381948471069
/on/render/index - 0.00089788436889648
/view/adminlte/private/index - 0.0088789463043213
/http/GET/index - 0.024565935134888
/on/render/profile - 0.0031678676605225
/view/adminlte/private/profile - 0.018532037734985
/http/GET/profile - 0.034679889678955
/on/render/settings - 0.0010440349578857
/view/adminlte/private/settings - 0.0094912052154541
/http/GET/settings - 0.024105072021484
/on/render/index - 0.0011069774627686
/view/adminlte/private/index - 0.010895013809204
/http/GET/index - 0.025722980499268
/on/render/index - 0.00091195106506348
/view/adminlte/private/index - 0.0090570449829102
/http/GET/index - 0.033957004547119
/on/render/index - 0.0014488697052002
/view/adminlte/private/index - 0.010656118392944
/http/GET/index - 0.039366960525513
/on/render/control%20panel - 0.0025579929351807
/view/adminlte/private/control%20panel - 0.013544082641602
/http/GET/control%20panel - 0.029745101928711
/on/render/profile - 0.0077130794525146
/view/adminlte/private/profile - 0.023128032684326
/http/GET/profile - 0.03978419303894
/on/render/profile - 0.0031440258026123
/view/adminlte/private/profile - 0.01818323135376
/http/GET/profile - 0.046503067016602
/on/render/controlpanel - 0.0013449192047119
/view/adminlte/private/controlpanel - 0.0099449157714844
/http/GET/controlpanel - 0.024351119995117
/on/render/controlpanel - 0.00093507766723633
/view/adminlte/private/controlpanel - 0.0088539123535156
/http/GET/controlpanel - 0.023506164550781
/on/render/profile - 0.0030980110168457
/view/adminlte/private/profile - 0.016642093658447
/http/GET/profile - 0.032516956329346
/on/render/profile - 0.0024540424346924
/view/adminlte/private/profile - 0.019215822219849
/http/GET/profile - 0.046610116958618
/on/render/controlpanel - 0.0011870861053467
/view/adminlte/private/controlpanel - 0.010231018066406
/http/GET/controlpanel - 0.025089979171753
/on/render/settings - 0.0010879039764404
/view/adminlte/private/settings - 0.0093169212341309
/http/GET/settings - 0.023307085037231
/on/render/profile - 0.0028040409088135
/view/adminlte/private/profile - 0.014886856079102
/http/GET/profile - 0.033193111419678
/on/render/controlpanel - 0.0010881423950195
/view/adminlte/private/controlpanel - 0.0092179775238037
/http/GET/controlpanel - 0.024610042572021
/on/render/profile - 0.0032410621643066
/view/adminlte/private/profile - 0.014074802398682
/http/GET/profile - 0.030747890472412
/on/render/settings - 0.0009758472442627
/view/adminlte/private/settings - 0.0091240406036377
/http/GET/settings - 0.023584127426147
/on/render/profile - 0.0029969215393066
/view/adminlte/private/profile - 0.017102956771851
/http/GET/profile - 0.034788846969604
/on/render/controlpanel - 0.0011482238769531
/view/adminlte/private/controlpanel - 0.0097661018371582
/http/GET/controlpanel - 0.023674964904785
/on/render/profile - 0.0030131340026855
/view/adminlte/private/profile - 0.015913009643555
/http/GET/profile - 0.032726049423218
/on/render/settings - 0.0015938282012939
/view/adminlte/private/settings - 0.0098459720611572
/http/GET/settings - 0.023413896560669
/on/render/profile - 0.0023729801177979
/view/adminlte/private/profile - 0.013260126113892
/http/GET/profile - 0.029500961303711
/on/render/settings - 0.0010819435119629
/view/adminlte/private/settings - 0.0091450214385986
/http/GET/settings - 0.022953033447266
/on/render/profile - 0.0023901462554932
/view/adminlte/private/profile - 0.013752937316895
/http/GET/profile - 0.028636932373047
/on/render/controlpanel - 0.0011508464813232
/view/adminlte/private/controlpanel - 0.0093009471893311
/http/GET/controlpanel - 0.024789810180664
/on/render/controlpanel - 0.00086307525634766
/view/adminlte/private/controlpanel - 0.0078999996185303
/http/GET/controlpanel - 0.020258188247681
/on/render/profile - 0.0030331611633301
/view/adminlte/private/profile - 0.017145156860352
/http/GET/profile - 0.03252387046814
/on/render/settings - 0.00098896026611328
/view/adminlte/private/settings - 0.0090351104736328
/http/GET/settings - 0.023548126220703
/on/render/settings - 0.00085997581481934
/view/adminlte/private/settings - 0.0084869861602783
/http/GET/settings - 0.035876989364624
/on/render/profile - 0.0029709339141846
/view/adminlte/private/profile - 0.017764091491699
/http/GET/profile - 0.034579038619995
/on/render/controlpanel - 0.0010471343994141
/view/adminlte/private/controlpanel - 0.0092799663543701
/http/GET/controlpanel - 0.022522926330566
/on/render/profile - 0.0024709701538086
/view/adminlte/private/profile - 0.015727043151855
/http/GET/profile - 0.03242301940918
/on/render/settings - 0.0010390281677246
/view/adminlte/private/settings - 0.0098109245300293
/http/GET/settings - 0.025470018386841
/on/render/settings - 0.001680850982666
/view/adminlte/private/settings - 0.013646841049194
/http/GET/settings - 0.039567232131958
/on/render/profile - 0.0034611225128174
/view/adminlte/private/profile - 0.019264936447144
/http/GET/profile - 0.03882908821106
/on/render/controlpanel - 0.00086617469787598
/view/adminlte/private/controlpanel - 0.0087649822235107
/http/GET/controlpanel - 0.026037931442261
/on/render/settings - 0.0010719299316406
/view/adminlte/private/settings - 0.0098750591278076
/http/GET/settings - 0.026234149932861
/on/render/profile - 0.0024042129516602
/view/adminlte/private/profile - 0.015067100524902
/http/GET/profile - 0.032840967178345
/on/render/controlpanel - 0.001046895980835
/view/adminlte/private/controlpanel - 0.009364128112793
/http/GET/controlpanel - 0.026233911514282
/on/render/profile - 0.00295090675354
/view/adminlte/private/profile - 0.017286062240601
/http/GET/profile - 0.036420106887817
/on/render/index - 0.00054311752319336
/view/adminlte/public/index - 0.0064518451690674
/http/GET/ - 0.021503925323486
/http/GET/moriarti/ - 0.00081992149353027
/http/GET/moriarti/ - 0.0015499591827393
/on/render/moriarti - 0.0012991428375244
/view/adminlte/public/moriarti - 0.011030912399292
/http/GET/moriarti/ - 0.061613798141479
/on/render/index - 0.00062799453735352
/view/adminlte/public/index - 0.007472038269043
/http/GET/ - 0.022186994552612
/on/render/login - 0.00095987319946289
/view/adminlte/login/login - 0.0076460838317871
/http/GET/login - 0.024503946304321
/bd/query/validateLogin - 0.0043179988861084
/on/render/index - 0.0014410018920898
/view/adminlte/private/index - 0.010263919830322
/http/GET/ - 0.02254319190979
/on/render/profile - 0.004202127456665
/view/adminlte/private/profile - 0.019225835800171
/http/GET/profile - 0.03643798828125
/on/render/settings - 0.0010840892791748
/view/adminlte/private/settings - 0.010497093200684
/http/GET/settings - 0.023669004440308
/on/render/profile - 0.0029129981994629
/view/adminlte/private/profile - 0.016128063201904
/http/GET/profile - 0.03277587890625
